<?xml version="1.0" encoding="utf-8"?><testsuites name="pytest tests"><testsuite name="pytest" errors="0" failures="0" skipped="0" tests="18" time="9.733" timestamp="2026-02-14T15:48:08.231244+00:00" hostname="agent-env-1fae286a-7591-41ee-9e08-248269bb89e4"><testcase classname="backend.tests.test_analysis_endpoints.TestAdHocComparison" name="test_compare_two_scenarios_returns_chart_data" time="0.488" /><testcase classname="backend.tests.test_analysis_endpoints.TestAdHocComparison" name="test_compare_three_scenarios_with_overlapping_vars" time="0.404" /><testcase classname="backend.tests.test_analysis_endpoints.TestAdHocComparison" name="test_compare_requires_minimum_two_scenarios" time="0.130" /><testcase classname="backend.tests.test_analysis_endpoints.TestComparisonsCRUD" name="test_create_comparison_returns_201" time="0.500" /><testcase classname="backend.tests.test_analysis_endpoints.TestComparisonsCRUD" name="test_list_comparisons_includes_created" time="0.298" /><testcase classname="backend.tests.test_analysis_endpoints.TestComparisonsCRUD" name="test_get_comparison_by_id" time="0.311" /><testcase classname="backend.tests.test_analysis_endpoints.TestComparisonsCRUD" name="test_get_comparison_data" time="0.412" /><testcase classname="backend.tests.test_analysis_endpoints.TestComparisonsCRUD" name="test_delete_comparison" time="0.664" /><testcase classname="backend.tests.test_analysis_endpoints.TestComparisonsCRUD" name="test_get_nonexistent_comparison_returns_404" time="0.346" /><testcase classname="backend.tests.test_analysis_endpoints.TestGapAnalysis" name="test_run_gap_analysis_returns_gaps" time="1.314" /><testcase classname="backend.tests.test_analysis_endpoints.TestGapAnalysis" name="test_get_cached_gap_analysis" time="1.817" /><testcase classname="backend.tests.test_analysis_endpoints.TestConsistencyChecks" name="test_run_consistency_check_returns_4_checks" time="0.391" /><testcase classname="backend.tests.test_analysis_endpoints.TestConsistencyChecks" name="test_get_cached_consistency_checks" time="0.665" /><testcase classname="backend.tests.test_analysis_endpoints.TestConsistencyChecks" name="test_consistency_check_nonexistent_scenario" time="0.318" /><testcase classname="backend.tests.test_analysis_endpoints.TestAlerts" name="test_list_alerts_returns_list" time="0.324" /><testcase classname="backend.tests.test_analysis_endpoints.TestAlerts" name="test_list_alerts_with_user_filter" time="0.312" /><testcase classname="backend.tests.test_analysis_endpoints.TestAlerts" name="test_list_alerts_unread_only" time="0.295" /><testcase classname="backend.tests.test_analysis_endpoints.TestCleanup" name="test_cleanup_test_comparisons" time="0.667" /></testsuite></testsuites>