<?xml version="1.0" encoding="utf-8"?><testsuites name="pytest tests"><testsuite name="pytest" errors="0" failures="0" skipped="0" tests="12" time="4.259" timestamp="2026-02-14T16:44:19.106686+00:00" hostname="agent-env-1fae286a-7591-41ee-9e08-248269bb89e4"><testcase classname="backend.tests.test_auth.TestHealthCheck" name="test_api_health" time="0.211" /><testcase classname="backend.tests.test_auth.TestRegister" name="test_register_creates_user_returns_session_token" time="0.368" /><testcase classname="backend.tests.test_auth.TestRegister" name="test_register_returns_400_duplicate_email" time="0.131" /><testcase classname="backend.tests.test_auth.TestRegister" name="test_register_returns_422_missing_fields" time="0.114" /><testcase classname="backend.tests.test_auth.TestLogin" name="test_login_success_returns_session_token" time="0.362" /><testcase classname="backend.tests.test_auth.TestLogin" name="test_login_returns_401_wrong_password" time="0.324" /><testcase classname="backend.tests.test_auth.TestLogin" name="test_login_returns_401_nonexistent_user" time="0.135" /><testcase classname="backend.tests.test_auth.TestGetCurrentUser" name="test_me_returns_user_with_valid_token" time="0.473" /><testcase classname="backend.tests.test_auth.TestGetCurrentUser" name="test_me_returns_401_without_token" time="0.115" /><testcase classname="backend.tests.test_auth.TestGetCurrentUser" name="test_me_returns_401_invalid_token" time="0.121" /><testcase classname="backend.tests.test_auth.TestLogout" name="test_logout_clears_session" time="0.749" /><testcase classname="backend.tests.test_auth.TestFullAuthFlow" name="test_register_login_me_logout_flow" time="1.091" /></testsuite></testsuites>