<?xml version="1.0" encoding="utf-8"?><testsuites name="pytest tests"><testsuite name="pytest" errors="0" failures="0" skipped="0" tests="20" time="2.916" timestamp="2026-02-16T06:44:13.666695+00:00" hostname="agent-env-fca214fc-9fd8-4872-bfc5-af9978292399"><testcase classname="backend.tests.test_breeam_exports.TestBREEAMAssessment" name="test_breeam_assess_returns_200" time="0.250" /><testcase classname="backend.tests.test_breeam_exports.TestBREEAMAssessment" name="test_breeam_assess_returns_weighted_score" time="0.105" /><testcase classname="backend.tests.test_breeam_exports.TestBREEAMAssessment" name="test_breeam_assess_returns_rating" time="0.119" /><testcase classname="backend.tests.test_breeam_exports.TestBREEAMAssessment" name="test_breeam_assess_returns_value_impact" time="0.231" /><testcase classname="backend.tests.test_breeam_exports.TestLEEDAssessment" name="test_leed_assess_returns_200" time="0.102" /><testcase classname="backend.tests.test_breeam_exports.TestLEEDAssessment" name="test_leed_assess_returns_total_points" time="0.097" /><testcase classname="backend.tests.test_breeam_exports.TestLEEDAssessment" name="test_leed_assess_returns_certification_level" time="0.130" /><testcase classname="backend.tests.test_breeam_exports.TestSustainabilityExportPDF" name="test_export_breeam_pdf_returns_200" time="0.144" /><testcase classname="backend.tests.test_breeam_exports.TestSustainabilityExportPDF" name="test_export_breeam_pdf_content_type" time="0.126" /><testcase classname="backend.tests.test_breeam_exports.TestSustainabilityExportPDF" name="test_export_breeam_pdf_has_content" time="0.114" /><testcase classname="backend.tests.test_breeam_exports.TestSustainabilityExportPDF" name="test_export_leed_pdf_returns_200" time="0.106" /><testcase classname="backend.tests.test_breeam_exports.TestSustainabilityExportExcel" name="test_export_breeam_excel_returns_200" time="0.114" /><testcase classname="backend.tests.test_breeam_exports.TestSustainabilityExportExcel" name="test_export_breeam_excel_content_type" time="0.409" /><testcase classname="backend.tests.test_breeam_exports.TestSustainabilityExportExcel" name="test_export_breeam_excel_has_content" time="0.114" /><testcase classname="backend.tests.test_breeam_exports.TestSustainabilityExportExcel" name="test_export_leed_excel_returns_200" time="0.131" /><testcase classname="backend.tests.test_breeam_exports.TestBREEAMWeightsEndpoint" name="test_breeam_weights_returns_200" time="0.137" /><testcase classname="backend.tests.test_breeam_exports.TestBREEAMWeightsEndpoint" name="test_breeam_weights_has_categories" time="0.109" /><testcase classname="backend.tests.test_breeam_exports.TestBREEAMWeightsEndpoint" name="test_breeam_weights_has_rating_thresholds" time="0.109" /><testcase classname="backend.tests.test_breeam_exports.TestLEEDThresholdsEndpoint" name="test_leed_thresholds_returns_200" time="0.095" /><testcase classname="backend.tests.test_breeam_exports.TestLEEDThresholdsEndpoint" name="test_leed_thresholds_has_levels" time="0.097" /></testsuite></testsuites>