<?xml version="1.0" encoding="utf-8"?><testsuites name="pytest tests"><testsuite name="pytest" errors="0" failures="0" skipped="0" tests="32" time="14.635" timestamp="2026-02-15T22:12:17.572073+00:00" hostname="agent-env-490a2bee-1596-44b9-8d26-074b3a0338fd"><testcase classname="tests.test_carbon.TestCarbonMethodologies" name="test_get_methodologies_returns_list" time="0.438" /><testcase classname="tests.test_carbon.TestCarbonMethodologies" name="test_methodologies_have_required_fields" time="0.308" /><testcase classname="tests.test_carbon.TestCarbonMethodologies" name="test_methodologies_filter_by_sector" time="0.512" /><testcase classname="tests.test_carbon.TestCarbonMethodologies" name="test_methodologies_filter_by_standard" time="0.320" /><testcase classname="tests.test_carbon.TestCarbonEmissionFactors" name="test_get_emission_factors" time="0.305" /><testcase classname="tests.test_carbon.TestCarbonEmissionFactors" name="test_emission_factors_have_required_fields" time="0.306" /><testcase classname="tests.test_carbon.TestCarbonEmissionFactors" name="test_emission_factors_filter_by_country" time="0.389" /><testcase classname="tests.test_carbon.TestCarbonPortfolios" name="test_create_portfolio" time="0.490" /><testcase classname="tests.test_carbon.TestCarbonPortfolios" name="test_get_portfolios" time="0.371" /><testcase classname="tests.test_carbon.TestCarbonPortfolios" name="test_get_portfolio_by_id" time="0.329" /><testcase classname="tests.test_carbon.TestCarbonPortfolios" name="test_update_portfolio" time="0.641" /><testcase classname="tests.test_carbon.TestCarbonPortfolios" name="test_get_portfolio_not_found" time="0.293" /><testcase classname="tests.test_carbon.TestCarbonProjects" name="test_create_project" time="0.790" /><testcase classname="tests.test_carbon.TestCarbonProjects" name="test_get_projects" time="0.345" /><testcase classname="tests.test_carbon.TestCarbonProjects" name="test_get_projects_by_portfolio" time="0.383" /><testcase classname="tests.test_carbon.TestCarbonProjects" name="test_get_project_by_id" time="0.345" /><testcase classname="tests.test_carbon.TestCarbonProjects" name="test_update_project" time="0.585" /><testcase classname="tests.test_carbon.TestCarbonProjects" name="test_project_not_found" time="0.288" /><testcase classname="tests.test_carbon.TestCarbonPortfolioDashboard" name="test_get_dashboard_returns_data" time="0.386" /><testcase classname="tests.test_carbon.TestCarbonPortfolioDashboard" name="test_dashboard_summary_fields" time="0.355" /><testcase classname="tests.test_carbon.TestCarbonPortfolioDashboard" name="test_dashboard_yearly_projections" time="0.324" /><testcase classname="tests.test_carbon.TestCarbonScenarios" name="test_get_scenarios_creates_default" time="0.517" /><testcase classname="tests.test_carbon.TestCarbonScenarios" name="test_create_scenario" time="0.512" /><testcase classname="tests.test_carbon.TestCarbonScenarios" name="test_scenarios_have_required_fields" time="0.293" /><testcase classname="tests.test_carbon.TestCarbonCalculations" name="test_run_standard_calculation" time="0.561" /><testcase classname="tests.test_carbon.TestCarbonCalculations" name="test_calculation_with_scenario" time="1.236" /><testcase classname="tests.test_carbon.TestCarbonCalculations" name="test_calculation_risk_breakdown" time="0.665" /><testcase classname="tests.test_carbon.TestCarbonCalculations" name="test_get_calculation_by_id" time="0.305" /><testcase classname="tests.test_carbon.TestCarbonReports" name="test_generate_report" time="0.592" /><testcase classname="tests.test_carbon.TestCarbonReports" name="test_download_report" time="0.340" /><testcase classname="tests.test_carbon.TestCleanup" name="test_delete_project" time="0.580" /><testcase classname="tests.test_carbon.TestCleanup" name="test_delete_portfolio" time="0.470" /></testsuite></testsuites>