<?xml version="1.0" encoding="utf-8"?><testsuites name="pytest tests"><testsuite name="pytest" errors="0" failures="1" skipped="0" tests="32" time="13.497" timestamp="2026-02-15T22:11:29.766652+00:00" hostname="agent-env-490a2bee-1596-44b9-8d26-074b3a0338fd"><testcase classname="tests.test_carbon.TestCarbonMethodologies" name="test_get_methodologies_returns_list" time="0.449" /><testcase classname="tests.test_carbon.TestCarbonMethodologies" name="test_methodologies_have_required_fields" time="0.301" /><testcase classname="tests.test_carbon.TestCarbonMethodologies" name="test_methodologies_filter_by_sector" time="0.363" /><testcase classname="tests.test_carbon.TestCarbonMethodologies" name="test_methodologies_filter_by_standard" time="0.340" /><testcase classname="tests.test_carbon.TestCarbonEmissionFactors" name="test_get_emission_factors" time="0.639" /><testcase classname="tests.test_carbon.TestCarbonEmissionFactors" name="test_emission_factors_have_required_fields" time="0.335" /><testcase classname="tests.test_carbon.TestCarbonEmissionFactors" name="test_emission_factors_filter_by_country" time="0.319" /><testcase classname="tests.test_carbon.TestCarbonPortfolios" name="test_create_portfolio" time="0.531" /><testcase classname="tests.test_carbon.TestCarbonPortfolios" name="test_get_portfolios" time="0.398" /><testcase classname="tests.test_carbon.TestCarbonPortfolios" name="test_get_portfolio_by_id" time="0.333" /><testcase classname="tests.test_carbon.TestCarbonPortfolios" name="test_update_portfolio" time="0.549" /><testcase classname="tests.test_carbon.TestCarbonPortfolios" name="test_get_portfolio_not_found" time="0.321" /><testcase classname="tests.test_carbon.TestCarbonProjects" name="test_create_project" time="0.529" /><testcase classname="tests.test_carbon.TestCarbonProjects" name="test_get_projects" time="0.319" /><testcase classname="tests.test_carbon.TestCarbonProjects" name="test_get_projects_by_portfolio" time="0.305" /><testcase classname="tests.test_carbon.TestCarbonProjects" name="test_get_project_by_id" time="0.373" /><testcase classname="tests.test_carbon.TestCarbonProjects" name="test_update_project" time="0.523" /><testcase classname="tests.test_carbon.TestCarbonProjects" name="test_project_not_found" time="0.300" /><testcase classname="tests.test_carbon.TestCarbonPortfolioDashboard" name="test_get_dashboard_returns_data" time="0.406" /><testcase classname="tests.test_carbon.TestCarbonPortfolioDashboard" name="test_dashboard_summary_fields" time="0.359" /><testcase classname="tests.test_carbon.TestCarbonPortfolioDashboard" name="test_dashboard_yearly_projections" time="0.357" /><testcase classname="tests.test_carbon.TestCarbonScenarios" name="test_get_scenarios_creates_default" time="0.574" /><testcase classname="tests.test_carbon.TestCarbonScenarios" name="test_create_scenario" time="0.142"><failure message="assert 422 == 200&#10; +  where 422 = &lt;Response [422]&gt;.status_code">tests/test_carbon.py:384: in test_create_scenario
    assert response.status_code == 200
E   assert 422 == 200
E    +  where 422 = &lt;Response [422]&gt;.status_code</failure></testcase><testcase classname="tests.test_carbon.TestCarbonScenarios" name="test_scenarios_have_required_fields" time="0.304" /><testcase classname="tests.test_carbon.TestCarbonCalculations" name="test_run_standard_calculation" time="0.574" /><testcase classname="tests.test_carbon.TestCarbonCalculations" name="test_calculation_with_scenario" time="0.865" /><testcase classname="tests.test_carbon.TestCarbonCalculations" name="test_calculation_risk_breakdown" time="0.587" /><testcase classname="tests.test_carbon.TestCarbonCalculations" name="test_get_calculation_by_id" time="0.330" /><testcase classname="tests.test_carbon.TestCarbonReports" name="test_generate_report" time="0.520" /><testcase classname="tests.test_carbon.TestCarbonReports" name="test_download_report" time="0.297" /><testcase classname="tests.test_carbon.TestCleanup" name="test_delete_project" time="0.346" /><testcase classname="tests.test_carbon.TestCleanup" name="test_delete_portfolio" time="0.491" /></testsuite></testsuites>