<?xml version="1.0" encoding="utf-8"?><testsuites name="pytest tests"><testsuite name="pytest" errors="0" failures="0" skipped="0" tests="34" time="16.490" timestamp="2026-02-14T20:54:54.523719+00:00" hostname="agent-env-1fae286a-7591-41ee-9e08-248269bb89e4"><testcase classname="tests.test_cbam.TestCBAMSeed" name="test_seed_endpoint" time="1.769" /><testcase classname="tests.test_cbam.TestCBAMDashboard" name="test_dashboard_returns_stats" time="0.468" /><testcase classname="tests.test_cbam.TestCBAMDashboard" name="test_dashboard_correct_counts" time="0.414" /><testcase classname="tests.test_cbam.TestCBAMDashboard" name="test_dashboard_sector_breakdown" time="0.430" /><testcase classname="tests.test_cbam.TestCBAMProducts" name="test_products_returns_15" time="0.273" /><testcase classname="tests.test_cbam.TestCBAMProducts" name="test_products_have_required_fields" time="0.276" /><testcase classname="tests.test_cbam.TestCBAMProducts" name="test_products_by_sector_filter" time="0.275" /><testcase classname="tests.test_cbam.TestCBAMProducts" name="test_products_sectors_summary" time="0.258" /><testcase classname="tests.test_cbam.TestCBAMProducts" name="test_product_counts_by_sector" time="0.259" /><testcase classname="tests.test_cbam.TestCBAMSuppliers" name="test_suppliers_list" time="0.298" /><testcase classname="tests.test_cbam.TestCBAMSuppliers" name="test_supplier_has_required_fields" time="1.484" /><testcase classname="tests.test_cbam.TestCBAMSuppliers" name="test_create_supplier_with_auto_risk" time="1.156" /><testcase classname="tests.test_cbam.TestCBAMSuppliers" name="test_create_supplier_with_domestic_carbon_price" time="1.151" /><testcase classname="tests.test_cbam.TestCBAMSuppliers" name="test_get_supplier_by_id" time="0.563" /><testcase classname="tests.test_cbam.TestCBAMSuppliers" name="test_get_supplier_not_found" time="0.280" /><testcase classname="tests.test_cbam.TestCBAMSuppliers" name="test_delete_supplier" time="1.275" /><testcase classname="tests.test_cbam.TestCBAMEmissions" name="test_record_emissions_with_defaults" time="1.915" /><testcase classname="tests.test_cbam.TestCBAMEmissions" name="test_list_emissions" time="0.315" /><testcase classname="tests.test_cbam.TestCBAMCostCalculation" name="test_calculate_cost_basic" time="0.069" /><testcase classname="tests.test_cbam.TestCBAMCostCalculation" name="test_calculate_cost_with_domestic_credit" time="0.066" /><testcase classname="tests.test_cbam.TestCBAMCostCalculation" name="test_calculate_cost_with_free_allocation" time="0.055" /><testcase classname="tests.test_cbam.TestCBAMCostCalculation" name="test_calculate_cost_net_cannot_be_negative" time="0.059" /><testcase classname="tests.test_cbam.TestCBAMSupplierProjections" name="test_projections_for_existing_supplier" time="0.577" /><testcase classname="tests.test_cbam.TestCBAMSupplierProjections" name="test_projections_include_all_scenarios" time="0.554" /><testcase classname="tests.test_cbam.TestCBAMCountryRisk" name="test_countries_returns_20" time="0.280" /><testcase classname="tests.test_cbam.TestCBAMCountryRisk" name="test_countries_have_required_fields" time="0.278" /><testcase classname="tests.test_cbam.TestCBAMCountryRisk" name="test_countries_sorted_by_risk" time="0.269" /><testcase classname="tests.test_cbam.TestCBAMCountryRisk" name="test_countries_with_carbon_pricing" time="0.276" /><testcase classname="tests.test_cbam.TestCBAMCertificatePrices" name="test_certificate_prices_returns_data" time="0.290" /><testcase classname="tests.test_cbam.TestCBAMCertificatePrices" name="test_certificate_prices_have_required_fields" time="0.273" /><testcase classname="tests.test_cbam.TestCBAMCertificatePrices" name="test_certificate_prices_filter_by_scenario" time="0.300" /><testcase classname="tests.test_cbam.TestCBAMFreeAllocation" name="test_free_allocation_schedule" time="0.073" /><testcase classname="tests.test_cbam.TestCBAMFreeAllocation" name="test_free_allocation_phase_out_values" time="0.059" /><testcase classname="tests.test_cbam.TestCBAMETSScenarios" name="test_ets_scenarios" time="0.050" /></testsuite></testsuites>