<?xml version="1.0" encoding="utf-8"?><testsuites name="pytest tests"><testsuite name="pytest" errors="0" failures="0" skipped="0" tests="23" time="69.296" timestamp="2026-02-14T17:18:39.676480+00:00" hostname="agent-env-1fae286a-7591-41ee-9e08-248269bb89e4"><testcase classname="backend.tests.test_custom_builder.TestBaseScenarios" name="test_returns_base_scenarios" time="3.081" /><testcase classname="backend.tests.test_custom_builder.TestBaseScenarios" name="test_returns_102_scenarios_minimum" time="2.957" /><testcase classname="backend.tests.test_custom_builder.TestBaseScenarios" name="test_scenario_has_required_fields" time="3.030" /><testcase classname="backend.tests.test_custom_builder.TestBaseScenarios" name="test_scenarios_have_different_sources" time="3.150" /><testcase classname="backend.tests.test_custom_builder.TestPreview" name="test_preview_returns_impacts" time="3.260" /><testcase classname="backend.tests.test_custom_builder.TestPreview" name="test_preview_returns_temperature_outcome" time="3.221" /><testcase classname="backend.tests.test_custom_builder.TestPreview" name="test_preview_returns_risk_scores" time="3.549" /><testcase classname="backend.tests.test_custom_builder.TestPreview" name="test_preview_with_invalid_scenario_returns_404" time="0.322" /><testcase classname="backend.tests.test_custom_builder.TestCustomize" name="test_customize_creates_scenario" time="4.007" /><testcase classname="backend.tests.test_custom_builder.TestCustomize" name="test_customize_calculates_impacts_on_save" time="3.979" /><testcase classname="backend.tests.test_custom_builder.TestCustomize" name="test_customize_requires_name" time="3.214" /><testcase classname="backend.tests.test_custom_builder.TestCalculateImpacts" name="test_calculate_full_impacts" time="3.173" /><testcase classname="backend.tests.test_custom_builder.TestValidate" name="test_validate_valid_customization" time="3.061" /><testcase classname="backend.tests.test_custom_builder.TestValidate" name="test_validate_detects_out_of_range" time="3.062" /><testcase classname="backend.tests.test_custom_builder.TestSimulate" name="test_simulate_monte_carlo" time="4.973" /><testcase classname="backend.tests.test_custom_builder.TestSimulate" name="test_simulate_with_invalid_scenario_returns_404" time="0.380" /><testcase classname="backend.tests.test_custom_builder.TestCustomScenarioCRUD" name="test_list_custom_scenarios" time="0.392" /><testcase classname="backend.tests.test_custom_builder.TestCustomScenarioCRUD" name="test_get_custom_scenario_by_id" time="4.209" /><testcase classname="backend.tests.test_custom_builder.TestCustomScenarioCRUD" name="test_get_nonexistent_returns_404" time="0.308" /><testcase classname="backend.tests.test_custom_builder.TestCustomScenarioCRUD" name="test_delete_custom_scenario" time="4.272" /><testcase classname="backend.tests.test_custom_builder.TestFork" name="test_fork_creates_copy" time="5.482" /><testcase classname="backend.tests.test_custom_builder.TestFork" name="test_fork_with_additional_customizations" time="5.420" /><testcase classname="backend.tests.test_custom_builder.TestFork" name="test_fork_nonexistent_returns_404" time="0.705" /></testsuite></testsuites>