<?xml version="1.0" encoding="utf-8"?><testsuites name="pytest tests"><testsuite name="pytest" errors="0" failures="0" skipped="0" tests="27" time="13.916" timestamp="2026-02-17T17:06:53.184773+00:00" hostname="agent-env-df0658b0-9030-46c2-85b9-801b279f8440"><testcase classname="tests.test_database_refactor.TestStrandedAssetsDashboard" name="test_dashboard_returns_correct_asset_count" time="0.742" /><testcase classname="tests.test_database_refactor.TestStrandedAssetsDashboard" name="test_dashboard_has_exposure_calculations" time="0.436" /><testcase classname="tests.test_database_refactor.TestStrandedAssetsReserves" name="test_reserves_list_returns_three_reserves" time="0.328" /><testcase classname="tests.test_database_refactor.TestStrandedAssetsReserves" name="test_reserves_have_db_fields" time="0.361" /><testcase classname="tests.test_database_refactor.TestStrandedAssetsReserves" name="test_reserves_names_from_db" time="0.342" /><testcase classname="tests.test_database_refactor.TestStrandedAssetsPowerPlants" name="test_plants_list_returns_three_plants" time="0.415" /><testcase classname="tests.test_database_refactor.TestStrandedAssetsPowerPlants" name="test_plants_have_db_fields" time="0.340" /><testcase classname="tests.test_database_refactor.TestStrandedAssetsPowerPlants" name="test_plants_names_from_db" time="0.381" /><testcase classname="tests.test_database_refactor.TestStrandedAssetsInfrastructure" name="test_infrastructure_list_returns_three_assets" time="0.353" /><testcase classname="tests.test_database_refactor.TestStrandedAssetsInfrastructure" name="test_infrastructure_have_db_fields" time="0.364" /><testcase classname="tests.test_database_refactor.TestStrandedAssetsInfrastructure" name="test_infrastructure_names_from_db" time="0.342" /><testcase classname="tests.test_database_refactor.TestStrandedAssetsMapData" name="test_map_data_returns_all_nine_assets" time="0.760" /><testcase classname="tests.test_database_refactor.TestStrandedAssetsMapData" name="test_map_data_has_coordinates" time="1.938" /><testcase classname="tests.test_database_refactor.TestStrandedAssetsMapData" name="test_map_data_filter_by_type" time="0.742" /><testcase classname="tests.test_database_refactor.TestREValuationDashboard" name="test_dashboard_returns_correct_portfolio_value" time="0.722" /><testcase classname="tests.test_database_refactor.TestREValuationDashboard" name="test_dashboard_returns_correct_property_count" time="0.589" /><testcase classname="tests.test_database_refactor.TestREValuationDashboard" name="test_dashboard_has_property_type_breakdown" time="0.568" /><testcase classname="tests.test_database_refactor.TestREValuationProperties" name="test_properties_list_returns_four_properties" time="0.436" /><testcase classname="tests.test_database_refactor.TestREValuationProperties" name="test_properties_have_db_fields" time="0.343" /><testcase classname="tests.test_database_refactor.TestREValuationProperties" name="test_properties_names_from_db" time="0.373" /><testcase classname="tests.test_database_refactor.TestREValuationProperties" name="test_properties_filter_by_type" time="0.379" /><testcase classname="tests.test_database_refactor.TestREValuationComparables" name="test_comparables_list_returns_five_comparables" time="0.354" /><testcase classname="tests.test_database_refactor.TestREValuationComparables" name="test_comparables_have_db_fields" time="0.515" /><testcase classname="tests.test_database_refactor.TestREValuationComparables" name="test_comparables_filter_by_type" time="0.413" /><testcase classname="tests.test_database_refactor.TestTransitionPathways" name="test_pathways_list_exists" time="0.437" /><testcase classname="tests.test_database_refactor.TestDataPersistence" name="test_reserves_have_uuid_ids" time="0.441" /><testcase classname="tests.test_database_refactor.TestDataPersistence" name="test_properties_have_uuid_ids" time="0.386" /></testsuite></testsuites>