<?xml version="1.0" encoding="utf-8"?><testsuites name="pytest tests"><testsuite name="pytest" errors="0" failures="0" skipped="0" tests="19" time="13.609" timestamp="2026-02-14T05:59:20.509472+00:00" hostname="agent-env-1fae286a-7591-41ee-9e08-248269bb89e4"><testcase classname="backend.tests.test_data_hub.TestDataHubStats" name="test_get_stats_returns_correct_counts" time="0.474" /><testcase classname="backend.tests.test_data_hub.TestDataHubSources" name="test_get_sources_returns_4_tier1_sources" time="0.324" /><testcase classname="backend.tests.test_data_hub.TestDataHubSources" name="test_get_single_source_by_id" time="0.590" /><testcase classname="backend.tests.test_data_hub.TestDataHubSources" name="test_seed_sources_is_idempotent" time="0.358" /><testcase classname="backend.tests.test_data_hub.TestDataHubScenarios" name="test_list_scenarios_paginated" time="0.592" /><testcase classname="backend.tests.test_data_hub.TestDataHubScenarios" name="test_filter_scenarios_by_source_id" time="0.837" /><testcase classname="backend.tests.test_data_hub.TestDataHubScenarios" name="test_search_scenarios" time="0.496" /><testcase classname="backend.tests.test_data_hub.TestDataHubScenarios" name="test_get_single_scenario" time="0.704" /><testcase classname="backend.tests.test_data_hub.TestDataHubScenarios" name="test_get_scenario_not_found" time="0.291" /><testcase classname="backend.tests.test_data_hub.TestDataHubTrajectories" name="test_get_scenario_trajectories" time="0.725" /><testcase classname="backend.tests.test_data_hub.TestDataHubTrajectories" name="test_filter_trajectories_by_variable" time="1.089" /><testcase classname="backend.tests.test_data_hub.TestDataHubTrajectories" name="test_filter_trajectories_by_region" time="1.003" /><testcase classname="backend.tests.test_data_hub.TestDataHubSyncLogs" name="test_get_sync_logs" time="0.290" /><testcase classname="backend.tests.test_data_hub.TestDataHubSyncLogs" name="test_get_sync_logs_with_limit" time="0.297" /><testcase classname="backend.tests.test_data_hub.TestDataHubSync" name="test_sync_single_source" time="2.496" /><testcase classname="backend.tests.test_data_hub.TestDataHubComparisons" name="test_list_comparisons" time="0.305" /><testcase classname="backend.tests.test_data_hub.TestDataHubComparisons" name="test_create_and_delete_comparison" time="1.168" /><testcase classname="backend.tests.test_data_hub.TestDataHubFavorites" name="test_list_favorites" time="0.316" /><testcase classname="backend.tests.test_data_hub.TestDataHubFavorites" name="test_add_and_remove_favorite" time="1.165" /></testsuite></testsuites>