<?xml version="1.0" encoding="utf-8"?><testsuites name="pytest tests"><testsuite name="pytest" errors="0" failures="0" skipped="0" tests="24" time="16.710" timestamp="2026-02-14T15:25:54.273427+00:00" hostname="agent-env-1fae286a-7591-41ee-9e08-248269bb89e4"><testcase classname="backend.tests.test_data_hub_expanded.TestExpandedDataHubStats" name="test_stats_returns_19_sources" time="0.560" /><testcase classname="backend.tests.test_data_hub_expanded.TestExpandedDataHubStats" name="test_stats_returns_99_scenarios" time="0.492" /><testcase classname="backend.tests.test_data_hub_expanded.TestExpandedDataHubStats" name="test_stats_returns_approx_875_trajectories" time="0.468" /><testcase classname="backend.tests.test_data_hub_expanded.TestExpandedDataHubStats" name="test_stats_sources_by_tier_correct" time="0.473" /><testcase classname="backend.tests.test_data_hub_expanded.TestExpandedDataHubSources" name="test_sources_returns_19_sources" time="0.316" /><testcase classname="backend.tests.test_data_hub_expanded.TestExpandedDataHubSources" name="test_sources_have_6_tiers" time="0.345" /><testcase classname="backend.tests.test_data_hub_expanded.TestExpandedDataHubSources" name="test_sources_tier1_has_5_sources" time="0.319" /><testcase classname="backend.tests.test_data_hub_expanded.TestExpandedDataHubSources" name="test_sources_structure_complete" time="0.323" /><testcase classname="backend.tests.test_data_hub_expanded.TestNGFSScenarioFiltering" name="test_ngfs_filter_returns_27_scenarios" time="1.441" /><testcase classname="backend.tests.test_data_hub_expanded.TestNGFSScenarioFiltering" name="test_ngfs_scenarios_have_real_data_external_ids" time="1.432" /><testcase classname="backend.tests.test_data_hub_expanded.TestExpandedScenarios" name="test_scenarios_paginated_returns_display_name" time="1.068" /><testcase classname="backend.tests.test_data_hub_expanded.TestExpandedScenarios" name="test_scenarios_have_carbon_neutral_year" time="1.839" /><testcase classname="backend.tests.test_data_hub_expanded.TestScenarioSearch" name="test_search_net_zero_returns_results" time="0.716" /><testcase classname="backend.tests.test_data_hub_expanded.TestScenarioSearch" name="test_search_carbon_returns_results" time="0.611" /><testcase classname="backend.tests.test_data_hub_expanded.TestTrajectories" name="test_get_trajectories_has_variable_code_and_quality" time="0.778" /><testcase classname="backend.tests.test_data_hub_expanded.TestTrajectories" name="test_real_data_trajectories_have_high_quality_score" time="1.289" /><testcase classname="backend.tests.test_data_hub_expanded.TestAnalyticsCoverage" name="test_coverage_returns_by_tier" time="0.386" /><testcase classname="backend.tests.test_data_hub_expanded.TestAnalyticsCoverage" name="test_coverage_returns_by_category" time="0.397" /><testcase classname="backend.tests.test_data_hub_expanded.TestAnalyticsCoverage" name="test_coverage_returns_variables_and_regions" time="0.425" /><testcase classname="backend.tests.test_data_hub_expanded.TestTemperatureRangeAnalytics" name="test_temperature_range_returns_buckets" time="0.350" /><testcase classname="backend.tests.test_data_hub_expanded.TestTemperatureRangeAnalytics" name="test_temperature_range_returns_details" time="0.633" /><testcase classname="backend.tests.test_data_hub_expanded.TestAvailableVariables" name="test_available_variables_returns_62" time="0.311" /><testcase classname="backend.tests.test_data_hub_expanded.TestAvailableVariables" name="test_available_variables_structure" time="0.299" /><testcase classname="backend.tests.test_data_hub_expanded.TestDataHubComparisons" name="test_create_and_delete_comparison" time="1.349" /></testsuite></testsuites>