<?xml version="1.0" encoding="utf-8"?><testsuites name="pytest tests"><testsuite name="pytest" errors="0" failures="0" skipped="0" tests="26" time="19.926" timestamp="2026-02-16T16:22:30.971781+00:00" hostname="agent-env-0fa68d91-6a2c-44e1-a4ef-9a515d5f1274"><testcase classname="backend.tests.test_export_portfolio_analytics.TestPortfolioAnalyticsDBPersistence" name="test_list_portfolios_returns_200" time="1.991" /><testcase classname="backend.tests.test_export_portfolio_analytics.TestPortfolioAnalyticsDBPersistence" name="test_list_portfolios_returns_data" time="0.961" /><testcase classname="backend.tests.test_export_portfolio_analytics.TestPortfolioAnalyticsDBPersistence" name="test_list_portfolios_has_total_count" time="1.333" /><testcase classname="backend.tests.test_export_portfolio_analytics.TestPortfolioAnalyticsDBPersistence" name="test_get_portfolio_by_id" time="0.629" /><testcase classname="backend.tests.test_export_portfolio_analytics.TestPortfolioAnalyticsDBPersistence" name="test_get_portfolio_has_name_and_type" time="0.563" /><testcase classname="backend.tests.test_export_portfolio_analytics.TestPortfolioAnalyticsDBPersistence" name="test_portfolio_dashboard_returns_200" time="1.019" /><testcase classname="backend.tests.test_export_portfolio_analytics.TestPortfolioAnalyticsDBPersistence" name="test_portfolio_dashboard_has_kpi_cards" time="0.964" /><testcase classname="backend.tests.test_export_portfolio_analytics.TestPortfolioAnalyticsDBPersistence" name="test_portfolio_dashboard_has_charts" time="1.097" /><testcase classname="backend.tests.test_export_portfolio_analytics.TestPortfolioAnalyticsDBPersistence" name="test_portfolio_analytics_calculation" time="0.717" /><testcase classname="backend.tests.test_export_portfolio_analytics.TestPortfolioAnalyticsDBPersistence" name="test_portfolio_holdings_returns_200" time="0.606" /><testcase classname="backend.tests.test_export_portfolio_analytics.TestPortfolioAnalyticsExportPDF" name="test_export_portfolio_pdf_returns_200" time="1.207" /><testcase classname="backend.tests.test_export_portfolio_analytics.TestPortfolioAnalyticsExportPDF" name="test_export_portfolio_pdf_content_type" time="1.300" /><testcase classname="backend.tests.test_export_portfolio_analytics.TestPortfolioAnalyticsExportPDF" name="test_export_portfolio_pdf_has_content" time="1.206" /><testcase classname="backend.tests.test_export_portfolio_analytics.TestPortfolioAnalyticsExportPDF" name="test_export_portfolio_pdf_with_report_type" time="1.307" /><testcase classname="backend.tests.test_export_portfolio_analytics.TestPortfolioAnalyticsExportExcel" name="test_export_portfolio_excel_returns_200" time="1.218" /><testcase classname="backend.tests.test_export_portfolio_analytics.TestPortfolioAnalyticsExportExcel" name="test_export_portfolio_excel_content_type" time="1.211" /><testcase classname="backend.tests.test_export_portfolio_analytics.TestPortfolioAnalyticsExportExcel" name="test_export_portfolio_excel_has_content" time="1.171" /><testcase classname="backend.tests.test_export_portfolio_analytics.TestOtherModuleExports" name="test_sustainability_export_pdf" time="0.123" /><testcase classname="backend.tests.test_export_portfolio_analytics.TestOtherModuleExports" name="test_sustainability_export_excel" time="0.216" /><testcase classname="backend.tests.test_export_portfolio_analytics.TestOtherModuleExports" name="test_stranded_assets_export_pdf" time="0.141" /><testcase classname="backend.tests.test_export_portfolio_analytics.TestOtherModuleExports" name="test_nature_risk_export_pdf" time="0.141" /><testcase classname="backend.tests.test_export_portfolio_analytics.TestOtherModuleExports" name="test_valuation_export_pdf" time="0.149" /><testcase classname="backend.tests.test_export_portfolio_analytics.TestOtherModuleExports" name="test_carbon_export_pdf" time="0.140" /><testcase classname="backend.tests.test_export_portfolio_analytics.TestOtherModuleExports" name="test_scenario_analysis_export_pdf" time="0.182" /><testcase classname="backend.tests.test_export_portfolio_analytics.TestExportEndpointsList" name="test_get_available_exports" time="0.117" /><testcase classname="backend.tests.test_export_portfolio_analytics.TestExportEndpointsList" name="test_exports_list_has_portfolio_analytics" time="0.130" /></testsuite></testsuites>