<?xml version="1.0" encoding="utf-8"?><testsuites name="pytest tests"><testsuite name="pytest" errors="0" failures="5" skipped="0" tests="23" time="11.523" timestamp="2026-02-16T16:20:54.967951+00:00" hostname="agent-env-0fa68d91-6a2c-44e1-a4ef-9a515d5f1274"><testcase classname="backend.tests.test_export_portfolio_analytics.TestPortfolioAnalyticsDBPersistence" name="test_list_portfolios_returns_200" time="1.221"><failure message="AssertionError: Expected 200, got 404: {&quot;detail&quot;:&quot;Not Found&quot;}&#10;assert 404 == 200&#10; +  where 404 = &lt;Response [404]&gt;.status_code">backend/tests/test_export_portfolio_analytics.py:50: in test_list_portfolios_returns_200
    assert response.status_code == 200, f"Expected 200, got {response.status_code}: {response.text}"
E   AssertionError: Expected 200, got 404: {"detail":"Not Found"}
E   assert 404 == 200
E    +  where 404 = &lt;Response [404]&gt;.status_code</failure></testcase><testcase classname="backend.tests.test_export_portfolio_analytics.TestPortfolioAnalyticsDBPersistence" name="test_list_portfolios_returns_data" time="0.140"><failure message="assert 404 == 200&#10; +  where 404 = &lt;Response [404]&gt;.status_code">backend/tests/test_export_portfolio_analytics.py:58: in test_list_portfolios_returns_data
    assert response.status_code == 200
E   assert 404 == 200
E    +  where 404 = &lt;Response [404]&gt;.status_code</failure></testcase><testcase classname="backend.tests.test_export_portfolio_analytics.TestPortfolioAnalyticsDBPersistence" name="test_get_portfolio_by_id" time="0.134" /><testcase classname="backend.tests.test_export_portfolio_analytics.TestPortfolioAnalyticsDBPersistence" name="test_portfolio_dashboard_returns_200" time="0.127"><failure message="AssertionError: Expected 200, got 404: {&quot;detail&quot;:&quot;Not Found&quot;}&#10;assert 404 == 200&#10; +  where 404 = &lt;Response [404]&gt;.status_code">backend/tests/test_export_portfolio_analytics.py:84: in test_portfolio_dashboard_returns_200
    assert response.status_code == 200, f"Expected 200, got {response.status_code}: {response.text}"
E   AssertionError: Expected 200, got 404: {"detail":"Not Found"}
E   assert 404 == 200
E    +  where 404 = &lt;Response [404]&gt;.status_code</failure></testcase><testcase classname="backend.tests.test_export_portfolio_analytics.TestPortfolioAnalyticsDBPersistence" name="test_portfolio_dashboard_has_kpi_cards" time="0.153"><failure message="assert 404 == 200&#10; +  where 404 = &lt;Response [404]&gt;.status_code">backend/tests/test_export_portfolio_analytics.py:92: in test_portfolio_dashboard_has_kpi_cards
    assert response.status_code == 200
E   assert 404 == 200
E    +  where 404 = &lt;Response [404]&gt;.status_code</failure></testcase><testcase classname="backend.tests.test_export_portfolio_analytics.TestPortfolioAnalyticsDBPersistence" name="test_portfolio_dashboard_has_charts" time="0.120"><failure message="assert 404 == 200&#10; +  where 404 = &lt;Response [404]&gt;.status_code">backend/tests/test_export_portfolio_analytics.py:103: in test_portfolio_dashboard_has_charts
    assert response.status_code == 200
E   assert 404 == 200
E    +  where 404 = &lt;Response [404]&gt;.status_code</failure></testcase><testcase classname="backend.tests.test_export_portfolio_analytics.TestPortfolioAnalyticsDBPersistence" name="test_portfolio_analytics_calculation" time="0.125" /><testcase classname="backend.tests.test_export_portfolio_analytics.TestPortfolioAnalyticsExportPDF" name="test_export_portfolio_pdf_returns_200" time="1.117" /><testcase classname="backend.tests.test_export_portfolio_analytics.TestPortfolioAnalyticsExportPDF" name="test_export_portfolio_pdf_content_type" time="1.103" /><testcase classname="backend.tests.test_export_portfolio_analytics.TestPortfolioAnalyticsExportPDF" name="test_export_portfolio_pdf_has_content" time="1.152" /><testcase classname="backend.tests.test_export_portfolio_analytics.TestPortfolioAnalyticsExportPDF" name="test_export_portfolio_pdf_with_report_type" time="1.174" /><testcase classname="backend.tests.test_export_portfolio_analytics.TestPortfolioAnalyticsExportExcel" name="test_export_portfolio_excel_returns_200" time="1.157" /><testcase classname="backend.tests.test_export_portfolio_analytics.TestPortfolioAnalyticsExportExcel" name="test_export_portfolio_excel_content_type" time="1.137" /><testcase classname="backend.tests.test_export_portfolio_analytics.TestPortfolioAnalyticsExportExcel" name="test_export_portfolio_excel_has_content" time="1.116" /><testcase classname="backend.tests.test_export_portfolio_analytics.TestOtherModuleExports" name="test_sustainability_export_pdf" time="0.124" /><testcase classname="backend.tests.test_export_portfolio_analytics.TestOtherModuleExports" name="test_sustainability_export_excel" time="0.166" /><testcase classname="backend.tests.test_export_portfolio_analytics.TestOtherModuleExports" name="test_stranded_assets_export_pdf" time="0.232" /><testcase classname="backend.tests.test_export_portfolio_analytics.TestOtherModuleExports" name="test_nature_risk_export_pdf" time="0.189" /><testcase classname="backend.tests.test_export_portfolio_analytics.TestOtherModuleExports" name="test_valuation_export_pdf" time="0.137" /><testcase classname="backend.tests.test_export_portfolio_analytics.TestOtherModuleExports" name="test_carbon_export_pdf" time="0.174" /><testcase classname="backend.tests.test_export_portfolio_analytics.TestOtherModuleExports" name="test_scenario_analysis_export_pdf" time="0.128" /><testcase classname="backend.tests.test_export_portfolio_analytics.TestExportEndpointsList" name="test_get_available_exports" time="0.134" /><testcase classname="backend.tests.test_export_portfolio_analytics.TestExportEndpointsList" name="test_exports_list_has_portfolio_analytics" time="0.143" /></testsuite></testsuites>