<?xml version="1.0" encoding="utf-8"?><testsuites name="pytest tests"><testsuite name="pytest" errors="0" failures="9" skipped="0" tests="54" time="19.766" timestamp="2026-02-17T08:34:18.365140+00:00" hostname="agent-env-0fa68d91-6a2c-44e1-a4ef-9a515d5f1274"><testcase classname="tests.test_full_regression.TestAuthentication" name="test_login_returns_200" time="1.012" /><testcase classname="tests.test_full_regression.TestAuthentication" name="test_login_returns_token" time="0.780"><failure message="AssertionError: Login response should contain access_token&#10;assert 'access_token' in {'email': 'newtestuser@test.com', 'name': 'Test User', 'session_token': 'sess_40686150712942c2b7688cf6018dcf53', 'user_id': 'user_2a20fc0ff9c2'}">tests/test_full_regression.py:41: in test_login_returns_token
    assert "access_token" in data, "Login response should contain access_token"
E   AssertionError: Login response should contain access_token
E   assert 'access_token' in {'email': 'newtestuser@test.com', 'name': 'Test User', 'session_token': 'sess_40686150712942c2b7688cf6018dcf53', 'user_id': 'user_2a20fc0ff9c2'}</failure></testcase><testcase classname="tests.test_full_regression.TestAuthentication" name="test_me_endpoint" time="1.129"><failure message="AssertionError: Expected 200, got 401&#10;assert 401 == 200&#10; +  where 401 = &lt;Response [401]&gt;.status_code">tests/test_full_regression.py:59: in test_me_endpoint
    assert response.status_code == 200, f"Expected 200, got {response.status_code}"
E   AssertionError: Expected 200, got 401
E   assert 401 == 200
E    +  where 401 = &lt;Response [401]&gt;.status_code</failure></testcase><testcase classname="tests.test_full_regression.TestCarbonCreditsModule" name="test_list_carbon_portfolios" time="0.479" /><testcase classname="tests.test_full_regression.TestCarbonCreditsModule" name="test_carbon_methodologies" time="0.317" /><testcase classname="tests.test_full_regression.TestCarbonCreditsModule" name="test_methodology_list" time="0.127" /><testcase classname="tests.test_full_regression.TestCarbonCreditsModule" name="test_methodology_by_sector_energy" time="0.105" /><testcase classname="tests.test_full_regression.TestCarbonCreditsModule" name="test_methodology_by_sector_forestry" time="0.101" /><testcase classname="tests.test_full_regression.TestCarbonCreditsModule" name="test_methodology_by_sector_waste" time="0.112" /><testcase classname="tests.test_full_regression.TestCarbonCreditsModule" name="test_methodology_by_sector_agriculture" time="0.099" /><testcase classname="tests.test_full_regression.TestCarbonCreditsModule" name="test_methodology_by_sector_household" time="0.153" /><testcase classname="tests.test_full_regression.TestCarbonCreditsModule" name="test_methodology_by_sector_industrial" time="0.096" /><testcase classname="tests.test_full_regression.TestCarbonCreditsModule" name="test_methodology_by_sector_transport" time="0.091" /><testcase classname="tests.test_full_regression.TestCarbonCreditsModule" name="test_methodology_by_sector_buildings" time="0.102" /><testcase classname="tests.test_full_regression.TestCarbonCreditsModule" name="test_methodology_by_sector_mining" time="0.104" /><testcase classname="tests.test_full_regression.TestCarbonCreditsModule" name="test_methodology_by_sector_blue_carbon" time="0.105" /><testcase classname="tests.test_full_regression.TestCarbonCreditsModule" name="test_carbon_calculation_post" time="0.088" /><testcase classname="tests.test_full_regression.TestCarbonCreditsModule" name="test_grid_emission_factor" time="0.335" /><testcase classname="tests.test_full_regression.TestNatureRiskModule" name="test_nature_risk_summary" time="0.141" /><testcase classname="tests.test_full_regression.TestNatureRiskModule" name="test_water_risk_locations" time="0.099" /><testcase classname="tests.test_full_regression.TestNatureRiskModule" name="test_nature_risk_scenarios" time="0.134" /><testcase classname="tests.test_full_regression.TestNatureRiskModule" name="test_encore_sectors" time="0.110" /><testcase classname="tests.test_full_regression.TestNatureRiskModule" name="test_encore_ecosystem_services" time="0.124" /><testcase classname="tests.test_full_regression.TestNatureRiskModule" name="test_leap_assessment_calculate" time="1.158" /><testcase classname="tests.test_full_regression.TestStrandedAssetsModule" name="test_stranded_assets_dashboard" time="0.096" /><testcase classname="tests.test_full_regression.TestStrandedAssetsModule" name="test_stranded_assets_list" time="0.129" /><testcase classname="tests.test_full_regression.TestStrandedAssetsModule" name="test_stranded_assets_power_plants" time="0.129" /><testcase classname="tests.test_full_regression.TestStrandedAssetsModule" name="test_stranded_assets_infrastructure" time="0.100" /><testcase classname="tests.test_full_regression.TestStrandedAssetsModule" name="test_stranded_assets_map_data" time="0.100" /><testcase classname="tests.test_full_regression.TestStrandedAssetsModule" name="test_stranded_assets_scenarios" time="0.099" /><testcase classname="tests.test_full_regression.TestStrandedAssetsModule" name="test_critical_assets" time="0.092" /><testcase classname="tests.test_full_regression.TestRealEstateValuationModule" name="test_valuation_dashboard" time="0.103" /><testcase classname="tests.test_full_regression.TestRealEstateValuationModule" name="test_valuation_properties_list" time="0.104" /><testcase classname="tests.test_full_regression.TestRealEstateValuationModule" name="test_direct_capitalization" time="0.096"><failure message="AssertionError: assert ('indicated_value' in {'cap_rate': '0.065', 'collection_loss': '7100.00', 'egi': '330150.00', 'expense_breakdown': None, ...} or 'value' in {'cap_rate': '0.065', 'collection_loss': '7100.00', 'egi': '330150.00', 'expense_breakdown': None, ...})">tests/test_full_regression.py:322: in test_direct_capitalization
    assert "indicated_value" in data or "value" in data
E   AssertionError: assert ('indicated_value' in {'cap_rate': '0.065', 'collection_loss': '7100.00', 'egi': '330150.00', 'expense_breakdown': None, ...} or 'value' in {'cap_rate': '0.065', 'collection_loss': '7100.00', 'egi': '330150.00', 'expense_breakdown': None, ...})</failure></testcase><testcase classname="tests.test_full_regression.TestRealEstateValuationModule" name="test_dcf_calculation" time="0.094" /><testcase classname="tests.test_full_regression.TestRealEstateValuationModule" name="test_cost_approach" time="0.161"><failure message="AssertionError: assert ('indicated_value' in {'age_life_ratio': '0.2000', 'base_cost_per_sf': '350', 'depreciated_improvements': '16800000.00', 'external_obsolescence': '0.00', ...} or 'total_value' in {'age_life_ratio': '0.2000', 'base_cost_per_sf': '350', 'depreciated_improvements': '16800000.00', 'external_obsolescence': '0.00', ...})">tests/test_full_regression.py:359: in test_cost_approach
    assert "indicated_value" in data or "total_value" in data
E   AssertionError: assert ('indicated_value' in {'age_life_ratio': '0.2000', 'base_cost_per_sf': '350', 'depreciated_improvements': '16800000.00', 'external_obsolescence': '0.00', ...} or 'total_value' in {'age_life_ratio': '0.2000', 'base_cost_per_sf': '350', 'depreciated_improvements': '16800000.00', 'external_obsolescence': '0.00', ...})</failure></testcase><testcase classname="tests.test_full_regression.TestRealEstateValuationModule" name="test_comparables_list" time="0.105" /><testcase classname="tests.test_full_regression.TestRealEstateValuationModule" name="test_market_cap_rates" time="0.095" /><testcase classname="tests.test_full_regression.TestSustainabilityModule" name="test_leed_calculation" time="0.099"><failure message="assert 404 == 200&#10; +  where 404 = &lt;Response [404]&gt;.status_code">tests/test_full_regression.py:393: in test_leed_calculation
    assert response.status_code == 200
E   assert 404 == 200
E    +  where 404 = &lt;Response [404]&gt;.status_code</failure></testcase><testcase classname="tests.test_full_regression.TestSustainabilityModule" name="test_breeam_calculation" time="0.103"><failure message="assert 404 == 200&#10; +  where 404 = &lt;Response [404]&gt;.status_code">tests/test_full_regression.py:412: in test_breeam_calculation
    assert response.status_code == 200
E   assert 404 == 200
E    +  where 404 = &lt;Response [404]&gt;.status_code</failure></testcase><testcase classname="tests.test_full_regression.TestScenarioAnalysisModule" name="test_scenario_build" time="0.827" /><testcase classname="tests.test_full_regression.TestScenarioAnalysisModule" name="test_scenario_list" time="0.320" /><testcase classname="tests.test_full_regression.TestScenarioAnalysisModule" name="test_scenario_properties" time="0.098"><failure message="AssertionError: assert (False or 'items' in {'properties': [{'cap_rate': 0.055, 'current_value': 435000000.0, 'id': '00000000-0000-0000-0000-000000000001', 'name': 'Downtown Office Tower', ...}, {'cap_rate': 0.065, 'current_value': 74770000.0, 'id': '00000000-0000-0000-0000-000000000002', 'name': 'Suburban Retail Center', ...}, {'cap_rate': 0.048, 'current_value': 301670000.0, 'id': '00000000-0000-0000-0000-000000000003', 'name': 'Industrial Distribution Hub', ...}]})&#10; +  where False = isinstance({'properties': [{'cap_rate': 0.055, 'current_value': 435000000.0, 'id': '00000000-0000-0000-0000-000000000001', 'name': 'Downtown Office Tower', ...}, {'cap_rate': 0.065, 'current_value': 74770000.0, 'id': '00000000-0000-0000-0000-000000000002', 'name': 'Suburban Retail Center', ...}, {'cap_rate': 0.048, 'current_value': 301670000.0, 'id': '00000000-0000-0000-0000-000000000003', 'name': 'Industrial Distribution Hub', ...}]}, list)">tests/test_full_regression.py:463: in test_scenario_properties
    assert isinstance(data, list) or "items" in data
E   AssertionError: assert (False or 'items' in {'properties': [{'cap_rate': 0.055, 'current_value': 435000000.0, 'id': '00000000-0000-0000-0000-000000000001', 'name': 'Downtown Office Tower', ...}, {'cap_rate': 0.065, 'current_value': 74770000.0, 'id': '00000000-0000-0000-0000-000000000002', 'name': 'Suburban Retail Center', ...}, {'cap_rate': 0.048, 'current_value': 301670000.0, 'id': '00000000-0000-0000-0000-000000000003', 'name': 'Industrial Distribution Hub', ...}]})
E    +  where False = isinstance({'properties': [{'cap_rate': 0.055, 'current_value': 435000000.0, 'id': '00000000-0000-0000-0000-000000000001', 'name': 'Downtown Office Tower', ...}, {'cap_rate': 0.065, 'current_value': 74770000.0, 'id': '00000000-0000-0000-0000-000000000002', 'name': 'Suburban Retail Center', ...}, {'cap_rate': 0.048, 'current_value': 301670000.0, 'id': '00000000-0000-0000-0000-000000000003', 'name': 'Industrial Distribution Hub', ...}]}, list)</failure></testcase><testcase classname="tests.test_full_regression.TestPortfolioAnalyticsModule" name="test_portfolios_list" time="0.916" /><testcase classname="tests.test_full_regression.TestPortfolioAnalyticsModule" name="test_portfolio_by_id" time="0.477" /><testcase classname="tests.test_full_regression.TestPortfolioAnalyticsModule" name="test_portfolio_holdings" time="0.487" /><testcase classname="tests.test_full_regression.TestPortfolioAnalyticsModule" name="test_portfolio_dashboard" time="0.891"><failure message="AssertionError: assert ('kpis' in {'alerts': [{'action_required': True, 'created_at': '2026-02-17T08:34:31.352483Z', 'id': 'stranded_warning', 'message': '1 assets at risk of stranding with total value $125.0M', ...}, {'action_required': False, 'created_at': '2026-02-17T08:34:31.352497Z', 'id': 'sector_concentration', 'message': 'Portfolio has high concentration in a single sector. Consider diversification.', ...}], 'avg_risk_score': '43.4', 'charts': {'geographic_distribution': {'chart_type': 'bar', 'config': {'valueLabel': 'Value ($M)'}, 'data': [{'name': 'New York', 'value': 435.0}, {'name': 'Dallas', 'value': 301.67}, {'name': 'San Francisco', 'value': 280.0}, {'name': 'Houston', 'value': 125.0}, {'name': 'Chicago', 'value': 74.77}], 'title': 'Geographic Distribution'}, 'property_values': {'chart_type': 'bar', 'config': {}, 'data': [{'name': 'Downtown Office', 'value': 435.0}, {'name': 'Suburban Retail', 'value': 74.77}, {'name': 'Industrial Dist', 'value': 301.67}, {'name': 'Luxury Multifam', 'value': 280.0}, {'name': 'Legacy Office P', 'value': 125.0}], 'title': 'Property Values ($M)'}, 'risk_distribution': {'chart_type': 'bar', 'config': {}, 'data': [{'fill': '#22c55e', 'name': 'Low (&lt;30)', 'value': 1}, {'fill': '#f59e0b', 'name': 'Moderate (30-50)', 'value': 2}, {'fill': '#f97316', 'name': 'High (50-70)', 'value': 1}, {'fill': '#ef4444', 'name': 'Very High (70+)', 'value': 1}], 'title': 'Risk Distribution'}, 'sector_allocation': {'chart_type': 'pie', 'config': {}, 'data': [{'name': 'Office', 'value': 46.0359738252606}, {'name': 'Industrial', 'value': 24.79941468547565}, {'name': 'Multifamily', 'value': 23.0179869126303}, {'name': 'Retail', 'value': 6.146624576633455}], 'title': 'Sector Allocation'}, ...}, 'kpi_cards': [{'change': '8.81', 'change_period': 'from base', 'color': 'emerald', 'icon': 'DollarSign', ...}, {'change': None, 'change_period': None, 'color': 'blue', 'icon': 'Building2', ...}, {'change': None, 'change_period': None, 'color': 'emerald', 'icon': 'AlertTriangle', ...}, {'change': None, 'change_period': None, 'color': 'red', 'icon': 'TrendingDown', ...}, {'change': None, 'change_period': None, 'color': 'red', 'icon': 'AlertCircle', ...}, {'change': None, 'change_period': None, 'color': 'emerald', 'icon': 'Leaf', ...}, ...], ...} or 'total_value' in {'alerts': [{'action_required': True, 'created_at': '2026-02-17T08:34:31.352483Z', 'id': 'stranded_warning', 'message': '1 assets at risk of stranding with total value $125.0M', ...}, {'action_required': False, 'created_at': '2026-02-17T08:34:31.352497Z', 'id': 'sector_concentration', 'message': 'Portfolio has high concentration in a single sector. Consider diversification.', ...}], 'avg_risk_score': '43.4', 'charts': {'geographic_distribution': {'chart_type': 'bar', 'config': {'valueLabel': 'Value ($M)'}, 'data': [{'name': 'New York', 'value': 435.0}, {'name': 'Dallas', 'value': 301.67}, {'name': 'San Francisco', 'value': 280.0}, {'name': 'Houston', 'value': 125.0}, {'name': 'Chicago', 'value': 74.77}], 'title': 'Geographic Distribution'}, 'property_values': {'chart_type': 'bar', 'config': {}, 'data': [{'name': 'Downtown Office', 'value': 435.0}, {'name': 'Suburban Retail', 'value': 74.77}, {'name': 'Industrial Dist', 'value': 301.67}, {'name': 'Luxury Multifam', 'value': 280.0}, {'name': 'Legacy Office P', 'value': 125.0}], 'title': 'Property Values ($M)'}, 'risk_distribution': {'chart_type': 'bar', 'config': {}, 'data': [{'fill': '#22c55e', 'name': 'Low (&lt;30)', 'value': 1}, {'fill': '#f59e0b', 'name': 'Moderate (30-50)', 'value': 2}, {'fill': '#f97316', 'name': 'High (50-70)', 'value': 1}, {'fill': '#ef4444', 'name': 'Very High (70+)', 'value': 1}], 'title': 'Risk Distribution'}, 'sector_allocation': {'chart_type': 'pie', 'config': {}, 'data': [{'name': 'Office', 'value': 46.0359738252606}, {'name': 'Industrial', 'value': 24.79941468547565}, {'name': 'Multifamily', 'value': 23.0179869126303}, {'name': 'Retail', 'value': 6.146624576633455}], 'title': 'Sector Allocation'}, ...}, 'kpi_cards': [{'change': '8.81', 'change_period': 'from base', 'color': 'emerald', 'icon': 'DollarSign', ...}, {'change': None, 'change_period': None, 'color': 'blue', 'icon': 'Building2', ...}, {'change': None, 'change_period': None, 'color': 'emerald', 'icon': 'AlertTriangle', ...}, {'change': None, 'change_period': None, 'color': 'red', 'icon': 'TrendingDown', ...}, {'change': None, 'change_period': None, 'color': 'red', 'icon': 'AlertCircle', ...}, {'change': None, 'change_period': None, 'color': 'emerald', 'icon': 'Leaf', ...}, ...], ...})">tests/test_full_regression.py:499: in test_portfolio_dashboard
    assert "kpis" in data or "total_value" in data
E   AssertionError: assert ('kpis' in {'alerts': [{'action_required': True, 'created_at': '2026-02-17T08:34:31.352483Z', 'id': 'stranded_warning', 'message': '1 assets at risk of stranding with total value $125.0M', ...}, {'action_required': False, 'created_at': '2026-02-17T08:34:31.352497Z', 'id': 'sector_concentration', 'message': 'Portfolio has high concentration in a single sector. Consider diversification.', ...}], 'avg_risk_score': '43.4', 'charts': {'geographic_distribution': {'chart_type': 'bar', 'config': {'valueLabel': 'Value ($M)'}, 'data': [{'name': 'New York', 'value': 435.0}, {'name': 'Dallas', 'value': 301.67}, {'name': 'San Francisco', 'value': 280.0}, {'name': 'Houston', 'value': 125.0}, {'name': 'Chicago', 'value': 74.77}], 'title': 'Geographic Distribution'}, 'property_values': {'chart_type': 'bar', 'config': {}, 'data': [{'name': 'Downtown Office', 'value': 435.0}, {'name': 'Suburban Retail', 'value': 74.77}, {'name': 'Industrial Dist', 'value': 301.67}, {'name': 'Luxury Multifam', 'value': 280.0}, {'name': 'Legacy Office P', 'value': 125.0}], 'title': 'Property Values ($M)'}, 'risk_distribution': {'chart_type': 'bar', 'config': {}, 'data': [{'fill': '#22c55e', 'name': 'Low (&lt;30)', 'value': 1}, {'fill': '#f59e0b', 'name': 'Moderate (30-50)', 'value': 2}, {'fill': '#f97316', 'name': 'High (50-70)', 'value': 1}, {'fill': '#ef4444', 'name': 'Very High (70+)', 'value': 1}], 'title': 'Risk Distribution'}, 'sector_allocation': {'chart_type': 'pie', 'config': {}, 'data': [{'name': 'Office', 'value': 46.0359738252606}, {'name': 'Industrial', 'value': 24.79941468547565}, {'name': 'Multifamily', 'value': 23.0179869126303}, {'name': 'Retail', 'value': 6.146624576633455}], 'title': 'Sector Allocation'}, ...}, 'kpi_cards': [{'change': '8.81', 'change_period': 'from base', 'color': 'emerald', 'icon': 'DollarSign', ...}, {'change': None, 'change_period': None, 'color': 'blue', 'icon': 'Building2', ...}, {'change': None, 'change_period': None, 'color': 'emerald', 'icon': 'AlertTriangle', ...}, {'change': None, 'change_period': None, 'color': 'red', 'icon': 'TrendingDown', ...}, {'change': None, 'change_period': None, 'color': 'red', 'icon': 'AlertCircle', ...}, {'change': None, 'change_period': None, 'color': 'emerald', 'icon': 'Leaf', ...}, ...], ...} or 'total_value' in {'alerts': [{'action_required': True, 'created_at': '2026-02-17T08:34:31.352483Z', 'id': 'stranded_warning', 'message': '1 assets at risk of stranding with total value $125.0M', ...}, {'action_required': False, 'created_at': '2026-02-17T08:34:31.352497Z', 'id': 'sector_concentration', 'message': 'Portfolio has high concentration in a single sector. Consider diversification.', ...}], 'avg_risk_score': '43.4', 'charts': {'geographic_distribution': {'chart_type': 'bar', 'config': {'valueLabel': 'Value ($M)'}, 'data': [{'name': 'New York', 'value': 435.0}, {'name': 'Dallas', 'value': 301.67}, {'name': 'San Francisco', 'value': 280.0}, {'name': 'Houston', 'value': 125.0}, {'name': 'Chicago', 'value': 74.77}], 'title': 'Geographic Distribution'}, 'property_values': {'chart_type': 'bar', 'config': {}, 'data': [{'name': 'Downtown Office', 'value': 435.0}, {'name': 'Suburban Retail', 'value': 74.77}, {'name': 'Industrial Dist', 'value': 301.67}, {'name': 'Luxury Multifam', 'value': 280.0}, {'name': 'Legacy Office P', 'value': 125.0}], 'title': 'Property Values ($M)'}, 'risk_distribution': {'chart_type': 'bar', 'config': {}, 'data': [{'fill': '#22c55e', 'name': 'Low (&lt;30)', 'value': 1}, {'fill': '#f59e0b', 'name': 'Moderate (30-50)', 'value': 2}, {'fill': '#f97316', 'name': 'High (50-70)', 'value': 1}, {'fill': '#ef4444', 'name': 'Very High (70+)', 'value': 1}], 'title': 'Risk Distribution'}, 'sector_allocation': {'chart_type': 'pie', 'config': {}, 'data': [{'name': 'Office', 'value': 46.0359738252606}, {'name': 'Industrial', 'value': 24.79941468547565}, {'name': 'Multifamily', 'value': 23.0179869126303}, {'name': 'Retail', 'value': 6.146624576633455}], 'title': 'Sector Allocation'}, ...}, 'kpi_cards': [{'change': '8.81', 'change_period': 'from base', 'color': 'emerald', 'icon': 'DollarSign', ...}, {'change': None, 'change_period': None, 'color': 'blue', 'icon': 'Building2', ...}, {'change': None, 'change_period': None, 'color': 'emerald', 'icon': 'AlertTriangle', ...}, {'change': None, 'change_period': None, 'color': 'red', 'icon': 'TrendingDown', ...}, {'change': None, 'change_period': None, 'color': 'red', 'icon': 'AlertCircle', ...}, {'change': None, 'change_period': None, 'color': 'emerald', 'icon': 'Leaf', ...}, ...], ...})</failure></testcase><testcase classname="tests.test_full_regression.TestExportFunctionality" name="test_export_portfolio_pdf" time="1.093" /><testcase classname="tests.test_full_regression.TestExportFunctionality" name="test_export_portfolio_excel" time="1.170" /><testcase classname="tests.test_full_regression.TestExportFunctionality" name="test_export_available_endpoints" time="0.116" /><testcase classname="tests.test_full_regression.TestScheduledReportsModule" name="test_create_scheduled_report" time="0.525" /><testcase classname="tests.test_full_regression.TestScheduledReportsModule" name="test_list_scheduled_reports" time="0.302" /><testcase classname="tests.test_full_regression.TestScheduledReportsModule" name="test_scheduled_report_lifecycle" time="0.105"><failure message="assert 422 == 200&#10; +  where 422 = &lt;Response [422]&gt;.status_code">tests/test_full_regression.py:577: in test_scheduled_report_lifecycle
    assert create_resp.status_code == 200
E   assert 422 == 200
E    +  where 422 = &lt;Response [422]&gt;.status_code</failure></testcase><testcase classname="tests.test_full_regression.TestAPIEndpointStatus" name="test_all_major_endpoints" time="3.432" /></testsuite></testsuites>