<?xml version="1.0" encoding="utf-8"?><testsuites name="pytest tests"><testsuite name="pytest" errors="0" failures="0" skipped="0" tests="15" time="5.137" timestamp="2026-02-14T16:21:31.055419+00:00" hostname="agent-env-1fae286a-7591-41ee-9e08-248269bb89e4"><testcase classname="tests.test_impact_portfolio_endpoints.TestImpactCalculator" name="test_impact_returns_horizons_with_expected_loss" time="0.461" /><testcase classname="tests.test_impact_portfolio_endpoints.TestImpactCalculator" name="test_impact_returns_multipliers" time="0.344" /><testcase classname="tests.test_impact_portfolio_endpoints.TestImpactCalculator" name="test_impact_returns_404_for_invalid_portfolio" time="0.114" /><testcase classname="tests.test_impact_portfolio_endpoints.TestImpactCalculator" name="test_impact_returns_400_for_empty_portfolio" time="0.125" /><testcase classname="tests.test_impact_portfolio_endpoints.TestImpactCalculator" name="test_impact_with_default_horizons" time="0.376" /><testcase classname="tests.test_impact_portfolio_endpoints.TestImpactCalculator" name="test_impact_sector_breakdown" time="0.370" /><testcase classname="tests.test_impact_portfolio_endpoints.TestCustomScenarioBuilder" name="test_create_custom_scenario_with_overrides" time="1.079" /><testcase classname="tests.test_impact_portfolio_endpoints.TestCustomScenarioBuilder" name="test_create_custom_scenario_minimal" time="1.099" /><testcase classname="tests.test_impact_portfolio_endpoints.TestCustomScenarioBuilder" name="test_custom_scenario_404_for_invalid_base" time="0.304" /><testcase classname="tests.test_impact_portfolio_endpoints.TestPortfolioUpload" name="test_parse_csv_returns_assets_and_mapping" time="0.148" /><testcase classname="tests.test_impact_portfolio_endpoints.TestPortfolioUpload" name="test_parse_csv_auto_maps_columns" time="0.107" /><testcase classname="tests.test_impact_portfolio_endpoints.TestPortfolioUpload" name="test_parse_csv_reports_errors" time="0.115" /><testcase classname="tests.test_impact_portfolio_endpoints.TestPortfolioUpload" name="test_create_portfolio_from_parsed_assets" time="0.308" /><testcase classname="tests.test_impact_portfolio_endpoints.TestCleanup" name="test_cleanup_test_scenarios" time="0.000" /><testcase classname="tests.test_impact_portfolio_endpoints.TestCleanup" name="test_cleanup_test_portfolios" time="0.110" /></testsuite></testsuites>