<?xml version="1.0" encoding="utf-8"?><testsuites name="pytest tests"><testsuite name="pytest" errors="0" failures="0" skipped="0" tests="63" time="12.310" timestamp="2026-02-16T00:41:42.571956+00:00" hostname="agent-env-5679b036-aae3-4754-8c2e-50a7973e3023"><testcase classname="backend.tests.test_methodology_engine.TestMethodologyList" name="test_get_all_methodologies_returns_list" time="0.195" /><testcase classname="backend.tests.test_methodology_engine.TestMethodologyList" name="test_methodologies_have_required_fields" time="0.151" /><testcase classname="backend.tests.test_methodology_engine.TestMethodologyList" name="test_sectors_list_complete" time="0.124" /><testcase classname="backend.tests.test_methodology_engine.TestMethodologyBySector" name="test_filter_by_sector[ENERGY-8]" time="0.112" /><testcase classname="backend.tests.test_methodology_engine.TestMethodologyBySector" name="test_filter_by_sector[FORESTRY-4]" time="0.117" /><testcase classname="backend.tests.test_methodology_engine.TestMethodologyBySector" name="test_filter_by_sector[WASTE-5]" time="0.158" /><testcase classname="backend.tests.test_methodology_engine.TestMethodologyBySector" name="test_filter_by_sector[AGRICULTURE-4]" time="0.142" /><testcase classname="backend.tests.test_methodology_engine.TestMethodologyBySector" name="test_filter_by_sector[INDUSTRIAL-4]" time="0.135" /><testcase classname="backend.tests.test_methodology_engine.TestMethodologyBySector" name="test_invalid_sector_returns_empty" time="0.120" /><testcase classname="backend.tests.test_methodology_engine.TestMethodologyCalculation" name="test_acm0002_renewable_energy" time="0.152" /><testcase classname="backend.tests.test_methodology_engine.TestMethodologyCalculation" name="test_ar_acm0003_forestry" time="0.127" /><testcase classname="backend.tests.test_methodology_engine.TestMethodologyCalculation" name="test_tpddtec_cookstoves" time="0.163" /><testcase classname="backend.tests.test_methodology_engine.TestMethodologyCalculation" name="test_vm0048_redd" time="0.142" /><testcase classname="backend.tests.test_methodology_engine.TestMethodologyCalculation" name="test_invalid_methodology_returns_error" time="0.141" /><testcase classname="backend.tests.test_methodology_engine.TestMethodologyCalculation" name="test_calculation_with_default_inputs" time="0.145" /><testcase classname="backend.tests.test_methodology_engine.TestBatchCalculation" name="test_batch_calculation_multiple_methodologies" time="0.164" /><testcase classname="backend.tests.test_methodology_engine.TestBatchCalculation" name="test_batch_with_missing_methodology_code" time="0.230" /><testcase classname="backend.tests.test_methodology_engine.TestGridEmissionFactor" name="test_get_emission_factor_by_country[US-United States]" time="0.849" /><testcase classname="backend.tests.test_methodology_engine.TestGridEmissionFactor" name="test_get_emission_factor_by_country[CN-China]" time="0.317" /><testcase classname="backend.tests.test_methodology_engine.TestGridEmissionFactor" name="test_get_emission_factor_by_country[IN-India]" time="0.338" /><testcase classname="backend.tests.test_methodology_engine.TestGridEmissionFactor" name="test_get_emission_factor_by_country[DE-Germany]" time="0.489" /><testcase classname="backend.tests.test_methodology_engine.TestGridEmissionFactor" name="test_get_emission_factor_by_country[BR-Brazil]" time="0.353" /><testcase classname="backend.tests.test_methodology_engine.TestGridEmissionFactor" name="test_get_emission_factor_by_country[GB-United Kingdom]" time="0.303" /><testcase classname="backend.tests.test_methodology_engine.TestGridEmissionFactor" name="test_get_emission_factor_by_country[JP-Japan]" time="0.350" /><testcase classname="backend.tests.test_methodology_engine.TestGridEmissionFactor" name="test_get_emission_factor_by_country[AU-Australia]" time="0.322" /><testcase classname="backend.tests.test_methodology_engine.TestGridEmissionFactor" name="test_get_emission_factor_by_country[FR-France]" time="0.333" /><testcase classname="backend.tests.test_methodology_engine.TestGridEmissionFactor" name="test_get_emission_factor_by_country[CA-Canada]" time="0.418" /><testcase classname="backend.tests.test_methodology_engine.TestGridEmissionFactor" name="test_invalid_country_returns_404" time="0.393" /><testcase classname="backend.tests.test_methodology_engine.TestGridEmissionFactor" name="test_brazil_has_low_emission_factor" time="0.360" /><testcase classname="backend.tests.test_methodology_engine.TestMethodologyDetails" name="test_get_acm0002_details" time="0.186" /><testcase classname="backend.tests.test_methodology_engine.TestMethodologyDetails" name="test_implemented_methodology_without_details" time="0.162" /><testcase classname="backend.tests.test_methodology_engine.TestMethodologyDetails" name="test_invalid_methodology_returns_404" time="0.145" /><testcase classname="backend.tests.test_methodology_engine.TestMethodologyInputs" name="test_get_acm0002_inputs" time="0.283" /><testcase classname="backend.tests.test_methodology_engine.TestMethodologyInputs" name="test_undocumented_methodology_returns_default_calc" time="0.113" /><testcase classname="backend.tests.test_methodology_engine.TestAllMethodologyCalculations" name="test_methodology_calculates_successfully[ACM0001]" time="0.248" /><testcase classname="backend.tests.test_methodology_engine.TestAllMethodologyCalculations" name="test_methodology_calculates_successfully[ACM0002]" time="0.132" /><testcase classname="backend.tests.test_methodology_engine.TestAllMethodologyCalculations" name="test_methodology_calculates_successfully[ACM0005]" time="0.122" /><testcase classname="backend.tests.test_methodology_engine.TestAllMethodologyCalculations" name="test_methodology_calculates_successfully[ACM0006]" time="0.120" /><testcase classname="backend.tests.test_methodology_engine.TestAllMethodologyCalculations" name="test_methodology_calculates_successfully[ACM0007]" time="0.118" /><testcase classname="backend.tests.test_methodology_engine.TestAllMethodologyCalculations" name="test_methodology_calculates_successfully[ACM0009]" time="0.120" /><testcase classname="backend.tests.test_methodology_engine.TestAllMethodologyCalculations" name="test_methodology_calculates_successfully[ACM0010]" time="0.129" /><testcase classname="backend.tests.test_methodology_engine.TestAllMethodologyCalculations" name="test_methodology_calculates_successfully[ACM0012]" time="0.108" /><testcase classname="backend.tests.test_methodology_engine.TestAllMethodologyCalculations" name="test_methodology_calculates_successfully[ACM0014]" time="0.132" /><testcase classname="backend.tests.test_methodology_engine.TestAllMethodologyCalculations" name="test_methodology_calculates_successfully[ACM0022]" time="0.143" /><testcase classname="backend.tests.test_methodology_engine.TestAllMethodologyCalculations" name="test_methodology_calculates_successfully[AMS-I.A]" time="0.112" /><testcase classname="backend.tests.test_methodology_engine.TestAllMethodologyCalculations" name="test_methodology_calculates_successfully[AMS-I.D]" time="0.160" /><testcase classname="backend.tests.test_methodology_engine.TestAllMethodologyCalculations" name="test_methodology_calculates_successfully[AMS-II.D]" time="0.142" /><testcase classname="backend.tests.test_methodology_engine.TestAllMethodologyCalculations" name="test_methodology_calculates_successfully[AMS-II.G]" time="0.117" /><testcase classname="backend.tests.test_methodology_engine.TestAllMethodologyCalculations" name="test_methodology_calculates_successfully[AMS-III.B]" time="0.204" /><testcase classname="backend.tests.test_methodology_engine.TestAllMethodologyCalculations" name="test_methodology_calculates_successfully[AR-ACM0003]" time="0.151" /><testcase classname="backend.tests.test_methodology_engine.TestAllMethodologyCalculations" name="test_methodology_calculates_successfully[VM0008]" time="0.139" /><testcase classname="backend.tests.test_methodology_engine.TestAllMethodologyCalculations" name="test_methodology_calculates_successfully[VM0022]" time="0.136" /><testcase classname="backend.tests.test_methodology_engine.TestAllMethodologyCalculations" name="test_methodology_calculates_successfully[VM0033]" time="0.115" /><testcase classname="backend.tests.test_methodology_engine.TestAllMethodologyCalculations" name="test_methodology_calculates_successfully[VM0042]" time="0.148" /><testcase classname="backend.tests.test_methodology_engine.TestAllMethodologyCalculations" name="test_methodology_calculates_successfully[VM0044]" time="0.127" /><testcase classname="backend.tests.test_methodology_engine.TestAllMethodologyCalculations" name="test_methodology_calculates_successfully[VM0047]" time="0.111" /><testcase classname="backend.tests.test_methodology_engine.TestAllMethodologyCalculations" name="test_methodology_calculates_successfully[VM0048]" time="0.133" /><testcase classname="backend.tests.test_methodology_engine.TestAllMethodologyCalculations" name="test_methodology_calculates_successfully[TPDDTEC]" time="0.129" /><testcase classname="backend.tests.test_methodology_engine.TestAllMethodologyCalculations" name="test_methodology_calculates_successfully[MMECD]" time="0.127" /><testcase classname="backend.tests.test_methodology_engine.TestAllMethodologyCalculations" name="test_methodology_calculates_successfully[CAR-Landfill]" time="0.133" /><testcase classname="backend.tests.test_methodology_engine.TestAllMethodologyCalculations" name="test_methodology_calculates_successfully[CAR-Forest]" time="0.109" /><testcase classname="backend.tests.test_methodology_engine.TestAllMethodologyCalculations" name="test_methodology_calculates_successfully[ACR-IFM]" time="0.164" /><testcase classname="backend.tests.test_methodology_engine.TestAllMethodologyCalculations" name="test_methodology_calculates_successfully[GCCM001]" time="0.130" /></testsuite></testsuites>