<?xml version="1.0" encoding="utf-8"?><testsuites name="pytest tests"><testsuite name="pytest" errors="0" failures="0" skipped="0" tests="36" time="5.514" timestamp="2026-02-16T02:24:42.808722+00:00" hostname="agent-env-160efc3a-db3e-4d6b-a45d-64e304aa5a88"><testcase classname="backend.tests.test_nature_risk.TestNatureRiskDashboard" name="test_dashboard_summary_returns_200" time="0.306" /><testcase classname="backend.tests.test_nature_risk.TestNatureRiskDashboard" name="test_dashboard_summary_has_required_fields" time="0.157" /><testcase classname="backend.tests.test_nature_risk.TestNatureRiskDashboard" name="test_dashboard_water_risk_exposure_structure" time="0.126" /><testcase classname="backend.tests.test_nature_risk.TestNatureRiskDashboard" name="test_dashboard_gbf_alignment_structure" time="0.128" /><testcase classname="backend.tests.test_nature_risk.TestNatureRiskScenarios" name="test_list_scenarios_returns_200" time="0.180" /><testcase classname="backend.tests.test_nature_risk.TestNatureRiskScenarios" name="test_list_scenarios_returns_array" time="0.113" /><testcase classname="backend.tests.test_nature_risk.TestNatureRiskScenarios" name="test_scenario_has_required_fields" time="0.168" /><testcase classname="backend.tests.test_nature_risk.TestNatureRiskScenarios" name="test_get_specific_scenario" time="0.108" /><testcase classname="backend.tests.test_nature_risk.TestNatureRiskScenarios" name="test_get_nonexistent_scenario_returns_404" time="0.123" /><testcase classname="backend.tests.test_nature_risk.TestENCOREDependencies" name="test_list_encore_sectors_returns_200" time="0.102" /><testcase classname="backend.tests.test_nature_risk.TestENCOREDependencies" name="test_encore_sectors_has_expected_sectors" time="0.171" /><testcase classname="backend.tests.test_nature_risk.TestENCOREDependencies" name="test_get_encore_dependencies_by_sector" time="0.172" /><testcase classname="backend.tests.test_nature_risk.TestENCOREDependencies" name="test_list_ecosystem_services" time="0.129" /><testcase classname="backend.tests.test_nature_risk.TestWaterRiskLocations" name="test_list_water_risk_locations_returns_200" time="0.134" /><testcase classname="backend.tests.test_nature_risk.TestWaterRiskLocations" name="test_water_risk_locations_returns_10_locations" time="0.145" /><testcase classname="backend.tests.test_nature_risk.TestWaterRiskLocations" name="test_water_risk_location_has_required_fields" time="0.195" /><testcase classname="backend.tests.test_nature_risk.TestWaterRiskLocations" name="test_get_water_risk_report_for_location" time="0.127" /><testcase classname="backend.tests.test_nature_risk.TestWaterRiskLocations" name="test_water_risk_report_nonexistent_location_returns_404" time="0.129" /><testcase classname="backend.tests.test_nature_risk.TestWaterRiskLocations" name="test_water_risk_analysis_post" time="0.160" /><testcase classname="backend.tests.test_nature_risk.TestBiodiversitySites" name="test_list_biodiversity_sites_returns_200" time="0.227" /><testcase classname="backend.tests.test_nature_risk.TestBiodiversitySites" name="test_biodiversity_sites_returns_17_sites" time="0.163" /><testcase classname="backend.tests.test_nature_risk.TestBiodiversitySites" name="test_biodiversity_site_has_required_fields" time="0.123" /><testcase classname="backend.tests.test_nature_risk.TestBiodiversitySites" name="test_biodiversity_sites_has_various_types" time="0.119" /><testcase classname="backend.tests.test_nature_risk.TestBiodiversitySites" name="test_biodiversity_filter_by_site_type" time="0.131" /><testcase classname="backend.tests.test_nature_risk.TestPortfolioNatureRisk" name="test_portfolio_analysis_returns_200" time="0.130" /><testcase classname="backend.tests.test_nature_risk.TestPortfolioNatureRisk" name="test_portfolio_analysis_has_required_fields" time="0.180" /><testcase classname="backend.tests.test_nature_risk.TestPortfolioNatureRisk" name="test_portfolio_analysis_aggregate_metrics" time="0.109" /><testcase classname="backend.tests.test_nature_risk.TestPortfolioNatureRisk" name="test_portfolio_analysis_holding_results" time="0.142" /><testcase classname="backend.tests.test_nature_risk.TestPortfolioNatureRisk" name="test_portfolio_nature_exposure" time="0.192" /><testcase classname="backend.tests.test_nature_risk.TestGBFAlignment" name="test_list_gbf_targets_returns_200" time="0.183" /><testcase classname="backend.tests.test_nature_risk.TestGBFAlignment" name="test_gbf_targets_returns_23_targets" time="0.139" /><testcase classname="backend.tests.test_nature_risk.TestGBFAlignment" name="test_gbf_target_has_required_fields" time="0.138" /><testcase classname="backend.tests.test_nature_risk.TestGBFAlignment" name="test_gbf_alignment_for_entity" time="0.157" /><testcase classname="backend.tests.test_nature_risk.TestLEAPAssessment" name="test_calculate_leap_assessment" time="0.126" /><testcase classname="backend.tests.test_nature_risk.TestDataImport" name="test_import_encore_data" time="0.145" /><testcase classname="backend.tests.test_nature_risk.TestDataImport" name="test_import_biodiversity_sites" time="0.124" /></testsuite></testsuites>