<?xml version="1.0" encoding="utf-8"?><testsuites name="pytest tests"><testsuite name="pytest" errors="0" failures="0" skipped="0" tests="29" time="13.336" timestamp="2026-02-14T17:04:14.607852+00:00" hostname="agent-env-1fae286a-7591-41ee-9e08-248269bb89e4"><testcase classname="backend.tests.test_ngfs_scenarios.TestNGFSScenariosListing" name="test_list_all_scenarios_returns_24" time="0.388" /><testcase classname="backend.tests.test_ngfs_scenarios.TestNGFSScenariosListing" name="test_list_scenarios_has_meta_with_temperature_range" time="0.321" /><testcase classname="backend.tests.test_ngfs_scenarios.TestNGFSScenariosListing" name="test_list_scenarios_has_phase_count" time="0.317" /><testcase classname="backend.tests.test_ngfs_scenarios.TestNGFSPhaseFiltering" name="test_filter_phase_1_returns_6_scenarios" time="0.353" /><testcase classname="backend.tests.test_ngfs_scenarios.TestNGFSPhaseFiltering" name="test_filter_phase_2_returns_10_scenarios" time="0.360" /><testcase classname="backend.tests.test_ngfs_scenarios.TestNGFSPhaseFiltering" name="test_filter_phase_3_returns_8_scenarios" time="0.312" /><testcase classname="backend.tests.test_ngfs_scenarios.TestNGFSPhaseSummary" name="test_phases_endpoint_returns_3_phases" time="0.451" /><testcase classname="backend.tests.test_ngfs_scenarios.TestNGFSPhaseSummary" name="test_phases_have_correct_year_mapping" time="0.377" /><testcase classname="backend.tests.test_ngfs_scenarios.TestNGFSPhaseSummary" name="test_phases_have_correct_counts" time="0.424" /><testcase classname="backend.tests.test_ngfs_scenarios.TestNGFSPhaseSummary" name="test_phases_include_scenario_list" time="0.372" /><testcase classname="backend.tests.test_ngfs_scenarios.TestNGFSTemperatureRanges" name="test_temperature_ranges_returns_5_buckets" time="0.316" /><testcase classname="backend.tests.test_ngfs_scenarios.TestNGFSTemperatureRanges" name="test_temperature_buckets_have_scenarios" time="0.312" /><testcase classname="backend.tests.test_ngfs_scenarios.TestNGFSFilterEndpoint" name="test_filter_by_temperature_range" time="0.335" /><testcase classname="backend.tests.test_ngfs_scenarios.TestNGFSFilterEndpoint" name="test_filter_by_phases" time="0.339" /><testcase classname="backend.tests.test_ngfs_scenarios.TestNGFSFilterEndpoint" name="test_filter_has_net_zero_target" time="0.334" /><testcase classname="backend.tests.test_ngfs_scenarios.TestNGFSScenarioDetail" name="test_get_scenario_by_id" time="0.713" /><testcase classname="backend.tests.test_ngfs_scenarios.TestNGFSScenarioDetail" name="test_get_scenario_by_slug" time="0.371" /><testcase classname="backend.tests.test_ngfs_scenarios.TestNGFSScenarioDetail" name="test_get_scenario_includes_4_parameters" time="0.430" /><testcase classname="backend.tests.test_ngfs_scenarios.TestNGFSScenarioDetail" name="test_get_scenario_not_found" time="0.338" /><testcase classname="backend.tests.test_ngfs_scenarios.TestNGFSParameters" name="test_get_parameters_with_time_series" time="0.795" /><testcase classname="backend.tests.test_ngfs_scenarios.TestNGFSTimeSeries" name="test_get_time_series_all_params" time="0.710" /><testcase classname="backend.tests.test_ngfs_scenarios.TestNGFSTimeSeries" name="test_time_series_has_76_years" time="0.714" /><testcase classname="backend.tests.test_ngfs_scenarios.TestNGFSSearch" name="test_search_by_name" time="0.334" /><testcase classname="backend.tests.test_ngfs_scenarios.TestNGFSSearch" name="test_search_by_category" time="0.339" /><testcase classname="backend.tests.test_ngfs_scenarios.TestNGFSSearch" name="test_search_empty_query_returns_empty" time="0.102" /><testcase classname="backend.tests.test_ngfs_scenarios.TestNGFSCompare" name="test_compare_3_scenarios" time="1.016" /><testcase classname="backend.tests.test_ngfs_scenarios.TestNGFSCompare" name="test_compare_has_all_4_metrics" time="0.848" /><testcase classname="backend.tests.test_ngfs_scenarios.TestNGFSCompare" name="test_compare_metrics_have_series_data" time="0.893" /><testcase classname="backend.tests.test_ngfs_scenarios.TestNGFSSeed" name="test_seed_is_idempotent" time="0.333" /></testsuite></testsuites>