<?xml version="1.0" encoding="utf-8"?><testsuites name="pytest tests"><testsuite name="pytest" errors="0" failures="0" skipped="0" tests="36" time="5.048" timestamp="2026-02-16T06:12:32.995980+00:00" hostname="agent-env-c67b6954-5c31-4233-874c-21473049199e"><testcase classname="backend.tests.test_portfolio_analytics.TestPortfolioListEndpoint" name="test_list_portfolios_returns_200" time="0.177" /><testcase classname="backend.tests.test_portfolio_analytics.TestPortfolioListEndpoint" name="test_list_portfolios_returns_items" time="0.109" /><testcase classname="backend.tests.test_portfolio_analytics.TestPortfolioListEndpoint" name="test_portfolio_has_required_fields" time="0.115" /><testcase classname="backend.tests.test_portfolio_analytics.TestPortfolioListEndpoint" name="test_portfolio_has_summary_metrics" time="0.119" /><testcase classname="backend.tests.test_portfolio_analytics.TestPortfolioDetailEndpoint" name="test_get_portfolio_by_id_returns_200" time="0.105" /><testcase classname="backend.tests.test_portfolio_analytics.TestPortfolioDetailEndpoint" name="test_get_portfolio_returns_correct_data" time="0.131" /><testcase classname="backend.tests.test_portfolio_analytics.TestPortfolioDetailEndpoint" name="test_get_nonexistent_portfolio_returns_404" time="0.127" /><testcase classname="backend.tests.test_portfolio_analytics.TestPortfolioAnalyticsEndpoint" name="test_analytics_returns_200" time="0.108" /><testcase classname="backend.tests.test_portfolio_analytics.TestPortfolioAnalyticsEndpoint" name="test_analytics_has_portfolio_summary" time="0.101" /><testcase classname="backend.tests.test_portfolio_analytics.TestPortfolioAnalyticsEndpoint" name="test_analytics_has_risk_metrics" time="0.330" /><testcase classname="backend.tests.test_portfolio_analytics.TestPortfolioAnalyticsEndpoint" name="test_analytics_has_stranding_analysis" time="0.120" /><testcase classname="backend.tests.test_portfolio_analytics.TestPortfolioAnalyticsEndpoint" name="test_analytics_has_sustainability_metrics" time="0.101" /><testcase classname="backend.tests.test_portfolio_analytics.TestPortfolioAnalyticsEndpoint" name="test_analytics_has_concentration_analysis" time="0.110" /><testcase classname="backend.tests.test_portfolio_analytics.TestPortfolioDashboardEndpoint" name="test_dashboard_returns_200" time="0.133" /><testcase classname="backend.tests.test_portfolio_analytics.TestPortfolioDashboardEndpoint" name="test_dashboard_has_kpi_cards" time="0.123" /><testcase classname="backend.tests.test_portfolio_analytics.TestPortfolioDashboardEndpoint" name="test_dashboard_has_charts" time="0.110" /><testcase classname="backend.tests.test_portfolio_analytics.TestPortfolioDashboardEndpoint" name="test_dashboard_has_alerts" time="0.112" /><testcase classname="backend.tests.test_portfolio_analytics.TestScenarioComparisonEndpoint" name="test_compare_scenarios_returns_200" time="0.125" /><testcase classname="backend.tests.test_portfolio_analytics.TestScenarioComparisonEndpoint" name="test_compare_scenarios_returns_comparison_table" time="0.125" /><testcase classname="backend.tests.test_portfolio_analytics.TestScenarioComparisonEndpoint" name="test_compare_scenarios_returns_best_worst" time="0.108" /><testcase classname="backend.tests.test_portfolio_analytics.TestScenarioComparisonEndpoint" name="test_compare_scenarios_row_has_required_fields" time="0.104" /><testcase classname="backend.tests.test_portfolio_analytics.TestReportGenerationEndpoint" name="test_generate_valuation_report_returns_200" time="0.106" /><testcase classname="backend.tests.test_portfolio_analytics.TestReportGenerationEndpoint" name="test_generate_climate_risk_report_returns_200" time="0.101" /><testcase classname="backend.tests.test_portfolio_analytics.TestReportGenerationEndpoint" name="test_generate_sustainability_report_returns_200" time="0.126" /><testcase classname="backend.tests.test_portfolio_analytics.TestReportGenerationEndpoint" name="test_generate_tcfd_report_returns_200" time="0.130" /><testcase classname="backend.tests.test_portfolio_analytics.TestReportGenerationEndpoint" name="test_report_has_executive_summary" time="0.110" /><testcase classname="backend.tests.test_portfolio_analytics.TestReportGenerationEndpoint" name="test_report_has_portfolio_overview" time="0.126" /><testcase classname="backend.tests.test_portfolio_analytics.TestHoldingsEndpoint" name="test_holdings_returns_200" time="0.120" /><testcase classname="backend.tests.test_portfolio_analytics.TestHoldingsEndpoint" name="test_holdings_returns_items" time="0.100" /><testcase classname="backend.tests.test_portfolio_analytics.TestHoldingsEndpoint" name="test_holding_has_required_fields" time="0.102" /><testcase classname="backend.tests.test_portfolio_analytics.TestEnumsEndpoint" name="test_enums_returns_200" time="0.098" /><testcase classname="backend.tests.test_portfolio_analytics.TestEnumsEndpoint" name="test_enums_has_expected_values" time="0.105" /><testcase classname="backend.tests.test_portfolio_analytics.TestCRUDOperations" name="test_create_portfolio" time="0.107" /><testcase classname="backend.tests.test_portfolio_analytics.TestCRUDOperations" name="test_update_portfolio" time="0.405" /><testcase classname="backend.tests.test_portfolio_analytics.TestMultiPortfolioAnalytics" name="test_all_sample_portfolios_have_analytics" time="0.299" /><testcase classname="backend.tests.test_portfolio_analytics.TestMultiPortfolioAnalytics" name="test_different_portfolios_have_different_metrics" time="0.215" /></testsuite></testsuites>