<?xml version="1.0" encoding="utf-8"?><testsuites name="pytest tests"><testsuite name="pytest" errors="0" failures="0" skipped="0" tests="19" time="57.170" timestamp="2026-02-14T05:20:06.388304+00:00" hostname="agent-env-a506e221-45a7-4d8b-901a-b21b5ac95881"><testcase classname="backend.tests.test_scenario_builder.TestHealthCheck" name="test_api_health" time="0.123" /><testcase classname="backend.tests.test_scenario_builder.TestNGFSDataSources" name="test_get_ngfs_sources" time="0.306" /><testcase classname="backend.tests.test_scenario_builder.TestNGFSDataSources" name="test_create_ngfs_source" time="0.496" /><testcase classname="backend.tests.test_scenario_builder.TestNGFSSync" name="test_sync_ngfs_data" time="0.644" /><testcase classname="backend.tests.test_scenario_builder.TestScenarioTemplates" name="test_get_templates" time="0.301" /><testcase classname="backend.tests.test_scenario_builder.TestScenarioCRUD" name="test_list_scenarios" time="0.343" /><testcase classname="backend.tests.test_scenario_builder.TestScenarioCRUD" name="test_list_scenarios_with_filters" time="0.311" /><testcase classname="backend.tests.test_scenario_builder.TestScenarioCRUD" name="test_create_custom_scenario" time="0.964" /><testcase classname="backend.tests.test_scenario_builder.TestScenarioCRUD" name="test_get_scenario_by_id" time="0.628" /><testcase classname="backend.tests.test_scenario_builder.TestScenarioCRUD" name="test_get_scenario_not_found" time="0.286" /><testcase classname="backend.tests.test_scenario_builder.TestScenarioCRUD" name="test_update_draft_scenario" time="1.543" /><testcase classname="backend.tests.test_scenario_builder.TestScenarioCRUD" name="test_delete_draft_scenario" time="1.624" /><testcase classname="backend.tests.test_scenario_builder.TestScenarioFork" name="test_fork_ngfs_template" time="0.885" /><testcase classname="backend.tests.test_scenario_builder.TestApprovalWorkflow" name="test_submit_for_approval" time="1.176" /><testcase classname="backend.tests.test_scenario_builder.TestApprovalWorkflow" name="test_approve_scenario" time="1.739" /><testcase classname="backend.tests.test_scenario_builder.TestApprovalWorkflow" name="test_reject_scenario" time="1.679" /><testcase classname="backend.tests.test_scenario_builder.TestPublish" name="test_publish_approved_scenario" time="2.835" /><testcase classname="backend.tests.test_scenario_builder.TestVersioning" name="test_get_scenario_versions" time="1.962" /><testcase classname="backend.tests.test_scenario_builder.TestCleanup" name="test_cleanup_test_scenarios" time="39.270" /></testsuite></testsuites>