<?xml version="1.0" encoding="utf-8"?><testsuites name="pytest tests"><testsuite name="pytest" errors="0" failures="1" skipped="0" tests="19" time="20.240" timestamp="2026-02-14T05:18:43.415121+00:00" hostname="agent-env-a506e221-45a7-4d8b-901a-b21b5ac95881"><testcase classname="backend.tests.test_scenario_builder.TestHealthCheck" name="test_api_health" time="0.173" /><testcase classname="backend.tests.test_scenario_builder.TestNGFSDataSources" name="test_get_ngfs_sources" time="0.393" /><testcase classname="backend.tests.test_scenario_builder.TestNGFSDataSources" name="test_create_ngfs_source" time="0.578" /><testcase classname="backend.tests.test_scenario_builder.TestNGFSSync" name="test_sync_ngfs_data" time="0.620" /><testcase classname="backend.tests.test_scenario_builder.TestScenarioTemplates" name="test_get_templates" time="0.310" /><testcase classname="backend.tests.test_scenario_builder.TestScenarioCRUD" name="test_list_scenarios" time="0.310" /><testcase classname="backend.tests.test_scenario_builder.TestScenarioCRUD" name="test_list_scenarios_with_filters" time="0.319" /><testcase classname="backend.tests.test_scenario_builder.TestScenarioCRUD" name="test_create_custom_scenario" time="0.831" /><testcase classname="backend.tests.test_scenario_builder.TestScenarioCRUD" name="test_get_scenario_by_id" time="0.632" /><testcase classname="backend.tests.test_scenario_builder.TestScenarioCRUD" name="test_get_scenario_not_found" time="0.313" /><testcase classname="backend.tests.test_scenario_builder.TestScenarioCRUD" name="test_update_draft_scenario" time="1.469" /><testcase classname="backend.tests.test_scenario_builder.TestScenarioCRUD" name="test_delete_draft_scenario" time="1.214" /><testcase classname="backend.tests.test_scenario_builder.TestScenarioFork" name="test_fork_ngfs_template" time="0.829" /><testcase classname="backend.tests.test_scenario_builder.TestApprovalWorkflow" name="test_submit_for_approval" time="0.997" /><testcase classname="backend.tests.test_scenario_builder.TestApprovalWorkflow" name="test_approve_scenario" time="1.752" /><testcase classname="backend.tests.test_scenario_builder.TestApprovalWorkflow" name="test_reject_scenario" time="1.530" /><testcase classname="backend.tests.test_scenario_builder.TestPublish" name="test_publish_approved_scenario" time="4.645" /><testcase classname="backend.tests.test_scenario_builder.TestVersioning" name="test_get_scenario_versions" time="1.333"><failure message="AssertionError: assert 1 &gt;= 2&#10; +  where 1 = len([{'change_summary': 'Updated carbon price', 'changed_by': None, 'created_at': '2026-02-14T05:19:01.173183Z', 'id': '46c2c21c-cc0e-4161-8d00-d2bfa7ca3c7f', ...}])">backend/tests/test_scenario_builder.py:631: in test_get_scenario_versions
    assert len(versions) &gt;= 2  # Should have at least 2 versions
    ^^^^^^^^^^^^^^^^^^^^^^^^^
E   AssertionError: assert 1 &gt;= 2
E    +  where 1 = len([{'change_summary': 'Updated carbon price', 'changed_by': None, 'created_at': '2026-02-14T05:19:01.173183Z', 'id': '46c2c21c-cc0e-4161-8d00-d2bfa7ca3c7f', ...}])</failure></testcase><testcase classname="backend.tests.test_scenario_builder.TestCleanup" name="test_cleanup_test_scenarios" time="1.880" /></testsuite></testsuites>