<?xml version="1.0" encoding="utf-8"?><testsuites name="pytest tests"><testsuite name="pytest" errors="0" failures="0" skipped="0" tests="11" time="4.194" timestamp="2026-02-14T16:31:38.910053+00:00" hostname="agent-env-1fae286a-7591-41ee-9e08-248269bb89e4"><testcase classname="backend.tests.test_report_generator.TestReportGeneratePDF" name="test_generate_pdf_returns_filename_and_download_url" time="0.528" /><testcase classname="backend.tests.test_report_generator.TestReportGenerateExcel" name="test_generate_excel_returns_xlsx_filename" time="0.442" /><testcase classname="backend.tests.test_report_generator.TestReportGenerateCSV" name="test_generate_csv_returns_csv_filename" time="0.399" /><testcase classname="backend.tests.test_report_generator.TestReportDownload" name="test_download_pdf_returns_actual_file" time="0.514" /><testcase classname="backend.tests.test_report_generator.TestReportDownload" name="test_download_excel_returns_actual_file" time="0.593" /><testcase classname="backend.tests.test_report_generator.TestReportDownload" name="test_download_csv_returns_actual_file" time="0.570" /><testcase classname="backend.tests.test_report_generator.TestReportDownload" name="test_download_returns_404_for_nonexistent_file" time="0.135" /><testcase classname="backend.tests.test_report_generator.TestReportGenerateErrors" name="test_generate_returns_404_for_invalid_portfolio" time="0.117" /><testcase classname="backend.tests.test_report_generator.TestReportGenerateErrors" name="test_generate_returns_400_for_empty_portfolio" time="0.115" /><testcase classname="backend.tests.test_report_generator.TestReportGenerateErrors" name="test_generate_returns_400_for_unsupported_format" time="0.385" /><testcase classname="backend.tests.test_report_generator.TestReportGenerateErrors" name="test_generate_returns_404_for_invalid_scenario" time="0.338" /></testsuite></testsuites>