<?xml version="1.0" encoding="utf-8"?><testsuites name="pytest tests"><testsuite name="pytest" errors="0" failures="0" skipped="0" tests="9" time="19.292" timestamp="2026-02-16T01:06:46.395245+00:00" hostname="agent-env-f6f68cbe-aa42-4e73-ac2b-59c50bb40dab"><testcase classname="tests.test_save_calculation_as_project.TestSaveCalculationAsProject" name="test_save_calculation_returns_201_with_valid_data" time="1.426" /><testcase classname="tests.test_save_calculation_as_project.TestSaveCalculationAsProject" name="test_save_calculation_maps_methodology_to_project_type" time="4.242" /><testcase classname="tests.test_save_calculation_as_project.TestSaveCalculationAsProject" name="test_save_calculation_persists_to_database" time="1.772" /><testcase classname="tests.test_save_calculation_as_project.TestSaveCalculationAsProject" name="test_save_calculation_sets_default_values" time="1.439" /><testcase classname="tests.test_save_calculation_as_project.TestSaveCalculationAsProject" name="test_save_calculation_with_invalid_portfolio_returns_404" time="0.620" /><testcase classname="tests.test_save_calculation_as_project.TestSaveCalculationAsProject" name="test_save_calculation_with_missing_required_fields_returns_422" time="0.611" /><testcase classname="tests.test_save_calculation_as_project.TestSaveCalculationAsProject" name="test_save_calculation_with_different_countries" time="5.894" /><testcase classname="tests.test_save_calculation_as_project.TestSaveCalculationAsProject" name="test_save_calculation_with_optional_fields" time="1.359" /><testcase classname="tests.test_save_calculation_as_project.TestCalculatorIntegration" name="test_full_calculator_to_save_workflow" time="1.866" /></testsuite></testsuites>