<?xml version="1.0" encoding="utf-8"?><testsuites name="pytest tests"><testsuite name="pytest" errors="0" failures="0" skipped="0" tests="30" time="6.004" timestamp="2026-02-16T05:45:00.311445+00:00" hostname="agent-env-d6231df3-bfb9-43f1-a9f0-175e911d03cf"><testcase classname="tests.test_scenario_analysis.TestScenarioAnalysisDashboard" name="test_dashboard_returns_200" time="0.156" /><testcase classname="tests.test_scenario_analysis.TestScenarioAnalysisDashboard" name="test_dashboard_has_required_fields" time="0.106" /><testcase classname="tests.test_scenario_analysis.TestProperties" name="test_properties_returns_200" time="0.118" /><testcase classname="tests.test_scenario_analysis.TestProperties" name="test_properties_returns_sample_data" time="0.117" /><testcase classname="tests.test_scenario_analysis.TestProperties" name="test_properties_have_required_fields" time="0.110" /><testcase classname="tests.test_scenario_analysis.TestScenarioBuilder" name="test_build_scenario_returns_200" time="0.230" /><testcase classname="tests.test_scenario_analysis.TestScenarioBuilder" name="test_build_scenario_returns_values" time="0.197" /><testcase classname="tests.test_scenario_analysis.TestScenarioBuilder" name="test_build_scenario_with_multiple_modifications" time="0.212" /><testcase classname="tests.test_scenario_analysis.TestScenarioBuilder" name="test_build_scenario_component_impacts_have_values" time="0.227" /><testcase classname="tests.test_scenario_analysis.TestScenarioTemplates" name="test_templates_list_returns_200" time="0.104" /><testcase classname="tests.test_scenario_analysis.TestScenarioTemplates" name="test_templates_list_has_templates" time="0.101" /><testcase classname="tests.test_scenario_analysis.TestScenarioTemplates" name="test_templates_have_required_fields" time="0.113" /><testcase classname="tests.test_scenario_analysis.TestScenarioTemplates" name="test_apply_template_returns_200" time="0.218" /><testcase classname="tests.test_scenario_analysis.TestSensitivityAnalysis" name="test_sensitivity_presets_returns_200" time="0.208" /><testcase classname="tests.test_scenario_analysis.TestSensitivityAnalysis" name="test_sensitivity_presets_has_data" time="0.228" /><testcase classname="tests.test_scenario_analysis.TestSensitivityAnalysis" name="test_sensitivity_analyze_returns_200" time="0.219" /><testcase classname="tests.test_scenario_analysis.TestSensitivityAnalysis" name="test_sensitivity_analyze_returns_tornado_data" time="0.198" /><testcase classname="tests.test_scenario_analysis.TestSensitivityAnalysis" name="test_sensitivity_analyze_returns_spider_data" time="0.263" /><testcase classname="tests.test_scenario_analysis.TestSensitivityAnalysis" name="test_tornado_endpoint_returns_200" time="0.282" /><testcase classname="tests.test_scenario_analysis.TestSensitivityAnalysis" name="test_spider_endpoint_returns_200" time="0.230" /><testcase classname="tests.test_scenario_analysis.TestWhatIfAnalysis" name="test_whatif_parameters_returns_200" time="0.275" /><testcase classname="tests.test_scenario_analysis.TestWhatIfAnalysis" name="test_whatif_parameters_has_data" time="0.244" /><testcase classname="tests.test_scenario_analysis.TestWhatIfAnalysis" name="test_whatif_analyze_returns_200" time="0.225" /><testcase classname="tests.test_scenario_analysis.TestWhatIfAnalysis" name="test_whatif_analyze_returns_values" time="0.235" /><testcase classname="tests.test_scenario_analysis.TestWhatIfAnalysis" name="test_whatif_analyze_with_cascading_effects" time="0.223" /><testcase classname="tests.test_scenario_analysis.TestWhatIfAnalysis" name="test_whatif_analyze_multiple_changes" time="0.211" /><testcase classname="tests.test_scenario_analysis.TestScenarioList" name="test_scenario_list_returns_200" time="0.146" /><testcase classname="tests.test_scenario_analysis.TestScenarioList" name="test_scenario_list_structure" time="0.100" /><testcase classname="tests.test_scenario_analysis.TestScenarioComparison" name="test_compare_scenarios_returns_200" time="0.315" /><testcase classname="tests.test_scenario_analysis.TestScenarioComparison" name="test_compare_scenarios_returns_comparison_table" time="0.331" /></testsuite></testsuites>