<?xml version="1.0" encoding="utf-8"?><testsuites name="pytest tests"><testsuite name="pytest" errors="0" failures="14" skipped="2" tests="30" time="6.676" timestamp="2026-02-16T05:43:37.164900+00:00" hostname="agent-env-d6231df3-bfb9-43f1-a9f0-175e911d03cf"><testcase classname="tests.test_scenario_analysis.TestScenarioAnalysisDashboard" name="test_dashboard_returns_200" time="0.119" /><testcase classname="tests.test_scenario_analysis.TestScenarioAnalysisDashboard" name="test_dashboard_has_required_fields" time="0.113" /><testcase classname="tests.test_scenario_analysis.TestProperties" name="test_properties_returns_200" time="0.111" /><testcase classname="tests.test_scenario_analysis.TestProperties" name="test_properties_returns_sample_data" time="0.113" /><testcase classname="tests.test_scenario_analysis.TestProperties" name="test_properties_have_required_fields" time="0.113" /><testcase classname="tests.test_scenario_analysis.TestScenarioBuilder" name="test_build_scenario_returns_200" time="0.229"><failure message="AssertionError: Expected 200, got 422: {&quot;detail&quot;:[{&quot;type&quot;:&quot;uuid_parsing&quot;,&quot;loc&quot;:[&quot;body&quot;,&quot;base_property_id&quot;],&quot;msg&quot;:&quot;Input should be a valid UUID, invalid character: expected an optional prefix of `urn:uuid:` followed by [0-9a-fA-F-], found `p` at 1&quot;,&quot;input&quot;:&quot;prop-001&quot;,&quot;ctx&quot;:{&quot;error&quot;:&quot;invalid character: expected an optional prefix of `urn:uuid:` followed by [0-9a-fA-F-], found `p` at 1&quot;},&quot;url&quot;:&quot;https://errors.pydantic.dev/2.12/v/uuid_parsing&quot;}]}&#10;assert 422 == 200&#10; +  where 422 = &lt;Response [422]&gt;.status_code">tests/test_scenario_analysis.py:75: in test_build_scenario_returns_200
    assert response.status_code == 200, f"Expected 200, got {response.status_code}: {response.text}"
E   AssertionError: Expected 200, got 422: {"detail":[{"type":"uuid_parsing","loc":["body","base_property_id"],"msg":"Input should be a valid UUID, invalid character: expected an optional prefix of `urn:uuid:` followed by [0-9a-fA-F-], found `p` at 1","input":"prop-001","ctx":{"error":"invalid character: expected an optional prefix of `urn:uuid:` followed by [0-9a-fA-F-], found `p` at 1"},"url":"https://errors.pydantic.dev/2.12/v/uuid_parsing"}]}
E   assert 422 == 200
E    +  where 422 = &lt;Response [422]&gt;.status_code</failure></testcase><testcase classname="tests.test_scenario_analysis.TestScenarioBuilder" name="test_build_scenario_returns_values" time="0.213"><failure message="AssertionError: assert 'scenario_id' in {'detail': [{'ctx': {'error': 'invalid character: expected an optional prefix of `urn:uuid:` followed by [0-9a-fA-F-], found `p` at 1'}, 'input': 'prop-001', 'loc': ['body', 'base_property_id'], 'msg': 'Input should be a valid UUID, invalid character: expected an optional prefix of `urn:uuid:` followed by [0-9a-fA-F-], found `p` at 1', ...}]}">tests/test_scenario_analysis.py:88: in test_build_scenario_returns_values
    assert "scenario_id" in data
E   AssertionError: assert 'scenario_id' in {'detail': [{'ctx': {'error': 'invalid character: expected an optional prefix of `urn:uuid:` followed by [0-9a-fA-F-], found `p` at 1'}, 'input': 'prop-001', 'loc': ['body', 'base_property_id'], 'msg': 'Input should be a valid UUID, invalid character: expected an optional prefix of `urn:uuid:` followed by [0-9a-fA-F-], found `p` at 1', ...}]}</failure></testcase><testcase classname="tests.test_scenario_analysis.TestScenarioBuilder" name="test_build_scenario_with_multiple_modifications" time="0.203"><failure message="assert 422 == 200&#10; +  where 422 = &lt;Response [422]&gt;.status_code">tests/test_scenario_analysis.py:108: in test_build_scenario_with_multiple_modifications
    assert response.status_code == 200
E   assert 422 == 200
E    +  where 422 = &lt;Response [422]&gt;.status_code</failure></testcase><testcase classname="tests.test_scenario_analysis.TestScenarioBuilder" name="test_build_scenario_component_impacts_have_values" time="0.201"><failure message="KeyError: 'component_impacts'">tests/test_scenario_analysis.py:122: in test_build_scenario_component_impacts_have_values
    impact = data["component_impacts"][0]
             ^^^^^^^^^^^^^^^^^^^^^^^^^
E   KeyError: 'component_impacts'</failure></testcase><testcase classname="tests.test_scenario_analysis.TestScenarioTemplates" name="test_templates_list_returns_200" time="0.134" /><testcase classname="tests.test_scenario_analysis.TestScenarioTemplates" name="test_templates_list_has_templates" time="0.097" /><testcase classname="tests.test_scenario_analysis.TestScenarioTemplates" name="test_templates_have_required_fields" time="0.113" /><testcase classname="tests.test_scenario_analysis.TestScenarioTemplates" name="test_apply_template_returns_200" time="0.210"><failure message="AssertionError: Expected 200, got 422: {&quot;detail&quot;:[{&quot;type&quot;:&quot;uuid_parsing&quot;,&quot;loc&quot;:[&quot;query&quot;,&quot;base_property_id&quot;],&quot;msg&quot;:&quot;Input should be a valid UUID, invalid character: expected an optional prefix of `urn:uuid:` followed by [0-9a-fA-F-], found `p` at 1&quot;,&quot;input&quot;:&quot;prop-001&quot;,&quot;ctx&quot;:{&quot;error&quot;:&quot;invalid character: expected an optional prefix of `urn:uuid:` followed by [0-9a-fA-F-], found `p` at 1&quot;},&quot;url&quot;:&quot;https://errors.pydantic.dev/2.12/v/uuid_parsing&quot;}]}&#10;assert 422 == 200&#10; +  where 422 = &lt;Response [422]&gt;.status_code">tests/test_scenario_analysis.py:164: in test_apply_template_returns_200
    assert response.status_code == 200, f"Expected 200, got {response.status_code}: {response.text}"
E   AssertionError: Expected 200, got 422: {"detail":[{"type":"uuid_parsing","loc":["query","base_property_id"],"msg":"Input should be a valid UUID, invalid character: expected an optional prefix of `urn:uuid:` followed by [0-9a-fA-F-], found `p` at 1","input":"prop-001","ctx":{"error":"invalid character: expected an optional prefix of `urn:uuid:` followed by [0-9a-fA-F-], found `p` at 1"},"url":"https://errors.pydantic.dev/2.12/v/uuid_parsing"}]}
E   assert 422 == 200
E    +  where 422 = &lt;Response [422]&gt;.status_code</failure></testcase><testcase classname="tests.test_scenario_analysis.TestSensitivityAnalysis" name="test_sensitivity_presets_returns_200" time="0.247" /><testcase classname="tests.test_scenario_analysis.TestSensitivityAnalysis" name="test_sensitivity_presets_has_data" time="0.199" /><testcase classname="tests.test_scenario_analysis.TestSensitivityAnalysis" name="test_sensitivity_analyze_returns_200" time="0.223"><failure message="AssertionError: Expected 200, got 422: {&quot;detail&quot;:[{&quot;type&quot;:&quot;uuid_parsing&quot;,&quot;loc&quot;:[&quot;body&quot;,&quot;property_id&quot;],&quot;msg&quot;:&quot;Input should be a valid UUID, invalid character: expected an optional prefix of `urn:uuid:` followed by [0-9a-fA-F-], found `p` at 1&quot;,&quot;input&quot;:&quot;prop-001&quot;,&quot;ctx&quot;:{&quot;error&quot;:&quot;invalid character: expected an optional prefix of `urn:uuid:` followed by [0-9a-fA-F-], found `p` at 1&quot;},&quot;url&quot;:&quot;https://errors.pydantic.dev/2.12/v/uuid_parsing&quot;}]}&#10;assert 422 == 200&#10; +  where 422 = &lt;Response [422]&gt;.status_code">tests/test_scenario_analysis.py:196: in test_sensitivity_analyze_returns_200
    assert response.status_code == 200, f"Expected 200, got {response.status_code}: {response.text}"
E   AssertionError: Expected 200, got 422: {"detail":[{"type":"uuid_parsing","loc":["body","property_id"],"msg":"Input should be a valid UUID, invalid character: expected an optional prefix of `urn:uuid:` followed by [0-9a-fA-F-], found `p` at 1","input":"prop-001","ctx":{"error":"invalid character: expected an optional prefix of `urn:uuid:` followed by [0-9a-fA-F-], found `p` at 1"},"url":"https://errors.pydantic.dev/2.12/v/uuid_parsing"}]}
E   assert 422 == 200
E    +  where 422 = &lt;Response [422]&gt;.status_code</failure></testcase><testcase classname="tests.test_scenario_analysis.TestSensitivityAnalysis" name="test_sensitivity_analyze_returns_tornado_data" time="0.210"><failure message="AssertionError: assert 'tornado_data' in {'detail': [{'ctx': {'error': 'invalid character: expected an optional prefix of `urn:uuid:` followed by [0-9a-fA-F-], found `p` at 1'}, 'input': 'prop-001', 'loc': ['body', 'property_id'], 'msg': 'Input should be a valid UUID, invalid character: expected an optional prefix of `urn:uuid:` followed by [0-9a-fA-F-], found `p` at 1', ...}]}">tests/test_scenario_analysis.py:209: in test_sensitivity_analyze_returns_tornado_data
    assert "tornado_data" in data
E   AssertionError: assert 'tornado_data' in {'detail': [{'ctx': {'error': 'invalid character: expected an optional prefix of `urn:uuid:` followed by [0-9a-fA-F-], found `p` at 1'}, 'input': 'prop-001', 'loc': ['body', 'property_id'], 'msg': 'Input should be a valid UUID, invalid character: expected an optional prefix of `urn:uuid:` followed by [0-9a-fA-F-], found `p` at 1', ...}]}</failure></testcase><testcase classname="tests.test_scenario_analysis.TestSensitivityAnalysis" name="test_sensitivity_analyze_returns_spider_data" time="0.210"><failure message="AssertionError: assert 'spider_chart_data' in {'detail': [{'ctx': {'error': 'invalid character: expected an optional prefix of `urn:uuid:` followed by [0-9a-fA-F-], found `p` at 1'}, 'input': 'prop-001', 'loc': ['body', 'property_id'], 'msg': 'Input should be a valid UUID, invalid character: expected an optional prefix of `urn:uuid:` followed by [0-9a-fA-F-], found `p` at 1', ...}]}">tests/test_scenario_analysis.py:228: in test_sensitivity_analyze_returns_spider_data
    assert "spider_chart_data" in data
E   AssertionError: assert 'spider_chart_data' in {'detail': [{'ctx': {'error': 'invalid character: expected an optional prefix of `urn:uuid:` followed by [0-9a-fA-F-], found `p` at 1'}, 'input': 'prop-001', 'loc': ['body', 'property_id'], 'msg': 'Input should be a valid UUID, invalid character: expected an optional prefix of `urn:uuid:` followed by [0-9a-fA-F-], found `p` at 1', ...}]}</failure></testcase><testcase classname="tests.test_scenario_analysis.TestSensitivityAnalysis" name="test_tornado_endpoint_returns_200" time="0.214"><failure message="AssertionError: Expected 200, got 422: {&quot;detail&quot;:[{&quot;type&quot;:&quot;uuid_parsing&quot;,&quot;loc&quot;:[&quot;body&quot;,&quot;property_id&quot;],&quot;msg&quot;:&quot;Input should be a valid UUID, invalid character: expected an optional prefix of `urn:uuid:` followed by [0-9a-fA-F-], found `p` at 1&quot;,&quot;input&quot;:&quot;prop-001&quot;,&quot;ctx&quot;:{&quot;error&quot;:&quot;invalid character: expected an optional prefix of `urn:uuid:` followed by [0-9a-fA-F-], found `p` at 1&quot;},&quot;url&quot;:&quot;https://errors.pydantic.dev/2.12/v/uuid_parsing&quot;}]}&#10;assert 422 == 200&#10; +  where 422 = &lt;Response [422]&gt;.status_code">tests/test_scenario_analysis.py:244: in test_tornado_endpoint_returns_200
    assert response.status_code == 200, f"Expected 200, got {response.status_code}: {response.text}"
E   AssertionError: Expected 200, got 422: {"detail":[{"type":"uuid_parsing","loc":["body","property_id"],"msg":"Input should be a valid UUID, invalid character: expected an optional prefix of `urn:uuid:` followed by [0-9a-fA-F-], found `p` at 1","input":"prop-001","ctx":{"error":"invalid character: expected an optional prefix of `urn:uuid:` followed by [0-9a-fA-F-], found `p` at 1"},"url":"https://errors.pydantic.dev/2.12/v/uuid_parsing"}]}
E   assert 422 == 200
E    +  where 422 = &lt;Response [422]&gt;.status_code</failure></testcase><testcase classname="tests.test_scenario_analysis.TestSensitivityAnalysis" name="test_spider_endpoint_returns_200" time="0.255"><failure message="AssertionError: Expected 200, got 422: {&quot;detail&quot;:[{&quot;type&quot;:&quot;uuid_parsing&quot;,&quot;loc&quot;:[&quot;body&quot;,&quot;property_id&quot;],&quot;msg&quot;:&quot;Input should be a valid UUID, invalid character: expected an optional prefix of `urn:uuid:` followed by [0-9a-fA-F-], found `p` at 1&quot;,&quot;input&quot;:&quot;prop-001&quot;,&quot;ctx&quot;:{&quot;error&quot;:&quot;invalid character: expected an optional prefix of `urn:uuid:` followed by [0-9a-fA-F-], found `p` at 1&quot;},&quot;url&quot;:&quot;https://errors.pydantic.dev/2.12/v/uuid_parsing&quot;}]}&#10;assert 422 == 200&#10; +  where 422 = &lt;Response [422]&gt;.status_code">tests/test_scenario_analysis.py:254: in test_spider_endpoint_returns_200
    assert response.status_code == 200, f"Expected 200, got {response.status_code}: {response.text}"
E   AssertionError: Expected 200, got 422: {"detail":[{"type":"uuid_parsing","loc":["body","property_id"],"msg":"Input should be a valid UUID, invalid character: expected an optional prefix of `urn:uuid:` followed by [0-9a-fA-F-], found `p` at 1","input":"prop-001","ctx":{"error":"invalid character: expected an optional prefix of `urn:uuid:` followed by [0-9a-fA-F-], found `p` at 1"},"url":"https://errors.pydantic.dev/2.12/v/uuid_parsing"}]}
E   assert 422 == 200
E    +  where 422 = &lt;Response [422]&gt;.status_code</failure></testcase><testcase classname="tests.test_scenario_analysis.TestWhatIfAnalysis" name="test_whatif_parameters_returns_200" time="0.258" /><testcase classname="tests.test_scenario_analysis.TestWhatIfAnalysis" name="test_whatif_parameters_has_data" time="0.206" /><testcase classname="tests.test_scenario_analysis.TestWhatIfAnalysis" name="test_whatif_analyze_returns_200" time="0.203"><failure message="AssertionError: Expected 200, got 422: {&quot;detail&quot;:[{&quot;type&quot;:&quot;uuid_parsing&quot;,&quot;loc&quot;:[&quot;body&quot;,&quot;property_id&quot;],&quot;msg&quot;:&quot;Input should be a valid UUID, invalid character: expected an optional prefix of `urn:uuid:` followed by [0-9a-fA-F-], found `p` at 1&quot;,&quot;input&quot;:&quot;prop-001&quot;,&quot;ctx&quot;:{&quot;error&quot;:&quot;invalid character: expected an optional prefix of `urn:uuid:` followed by [0-9a-fA-F-], found `p` at 1&quot;},&quot;url&quot;:&quot;https://errors.pydantic.dev/2.12/v/uuid_parsing&quot;}]}&#10;assert 422 == 200&#10; +  where 422 = &lt;Response [422]&gt;.status_code">tests/test_scenario_analysis.py:289: in test_whatif_analyze_returns_200
    assert response.status_code == 200, f"Expected 200, got {response.status_code}: {response.text}"
E   AssertionError: Expected 200, got 422: {"detail":[{"type":"uuid_parsing","loc":["body","property_id"],"msg":"Input should be a valid UUID, invalid character: expected an optional prefix of `urn:uuid:` followed by [0-9a-fA-F-], found `p` at 1","input":"prop-001","ctx":{"error":"invalid character: expected an optional prefix of `urn:uuid:` followed by [0-9a-fA-F-], found `p` at 1"},"url":"https://errors.pydantic.dev/2.12/v/uuid_parsing"}]}
E   assert 422 == 200
E    +  where 422 = &lt;Response [422]&gt;.status_code</failure></testcase><testcase classname="tests.test_scenario_analysis.TestWhatIfAnalysis" name="test_whatif_analyze_returns_values" time="1.237"><failure message="AssertionError: assert 'base_valuation' in {'detail': [{'ctx': {'error': 'invalid character: expected an optional prefix of `urn:uuid:` followed by [0-9a-fA-F-], found `p` at 1'}, 'input': 'prop-001', 'loc': ['body', 'property_id'], 'msg': 'Input should be a valid UUID, invalid character: expected an optional prefix of `urn:uuid:` followed by [0-9a-fA-F-], found `p` at 1', ...}]}">tests/test_scenario_analysis.py:302: in test_whatif_analyze_returns_values
    assert "base_valuation" in data
E   AssertionError: assert 'base_valuation' in {'detail': [{'ctx': {'error': 'invalid character: expected an optional prefix of `urn:uuid:` followed by [0-9a-fA-F-], found `p` at 1'}, 'input': 'prop-001', 'loc': ['body', 'property_id'], 'msg': 'Input should be a valid UUID, invalid character: expected an optional prefix of `urn:uuid:` followed by [0-9a-fA-F-], found `p` at 1', ...}]}</failure></testcase><testcase classname="tests.test_scenario_analysis.TestWhatIfAnalysis" name="test_whatif_analyze_with_cascading_effects" time="0.250"><failure message="assert 422 == 200&#10; +  where 422 = &lt;Response [422]&gt;.status_code">tests/test_scenario_analysis.py:320: in test_whatif_analyze_with_cascading_effects
    assert response.status_code == 200
E   assert 422 == 200
E    +  where 422 = &lt;Response [422]&gt;.status_code</failure></testcase><testcase classname="tests.test_scenario_analysis.TestWhatIfAnalysis" name="test_whatif_analyze_multiple_changes" time="0.215"><failure message="assert 422 == 200&#10; +  where 422 = &lt;Response [422]&gt;.status_code">tests/test_scenario_analysis.py:335: in test_whatif_analyze_multiple_changes
    assert response.status_code == 200
E   assert 422 == 200
E    +  where 422 = &lt;Response [422]&gt;.status_code</failure></testcase><testcase classname="tests.test_scenario_analysis.TestScenarioList" name="test_scenario_list_returns_200" time="0.103" /><testcase classname="tests.test_scenario_analysis.TestScenarioList" name="test_scenario_list_structure" time="0.100" /><testcase classname="tests.test_scenario_analysis.TestScenarioComparison" name="test_compare_scenarios_returns_200" time="0.208"><skipped type="pytest.skip" message="No scenario ID available for comparison test">/app/backend/tests/test_scenario_analysis.py:377: No scenario ID available for comparison test</skipped></testcase><testcase classname="tests.test_scenario_analysis.TestScenarioComparison" name="test_compare_scenarios_returns_comparison_table" time="0.211"><skipped type="pytest.skip" message="No scenario ID available for comparison test">/app/backend/tests/test_scenario_analysis.py:390: No scenario ID available for comparison test</skipped></testcase></testsuite></testsuites>