<?xml version="1.0" encoding="utf-8"?><testsuites name="pytest tests"><testsuite name="pytest" errors="0" failures="0" skipped="0" tests="30" time="8.311" timestamp="2026-02-16T16:53:37.014158+00:00" hostname="agent-env-0fa68d91-6a2c-44e1-a4ef-9a515d5f1274"><testcase classname="tests.test_scenario_persistence.TestScenarioBuild" name="test_build_scenario_returns_200" time="0.806" /><testcase classname="tests.test_scenario_persistence.TestScenarioBuild" name="test_build_scenario_returns_scenario_id" time="0.340" /><testcase classname="tests.test_scenario_persistence.TestScenarioBuild" name="test_build_scenario_returns_values" time="0.348" /><testcase classname="tests.test_scenario_persistence.TestScenarioBuild" name="test_build_scenario_with_multiple_modifications" time="0.318" /><testcase classname="tests.test_scenario_persistence.TestScenarioList" name="test_list_scenarios_returns_200" time="0.302" /><testcase classname="tests.test_scenario_persistence.TestScenarioList" name="test_list_scenarios_returns_items_array" time="0.356" /><testcase classname="tests.test_scenario_persistence.TestScenarioList" name="test_list_scenarios_returns_total" time="0.398" /><testcase classname="tests.test_scenario_persistence.TestScenarioList" name="test_list_scenarios_items_have_required_fields" time="0.329" /><testcase classname="tests.test_scenario_persistence.TestScenarioGetById" name="test_get_scenario_by_id_returns_200" time="0.666" /><testcase classname="tests.test_scenario_persistence.TestScenarioGetById" name="test_get_scenario_returns_correct_data" time="0.655" /><testcase classname="tests.test_scenario_persistence.TestScenarioGetById" name="test_get_nonexistent_scenario_returns_404" time="0.314" /><testcase classname="tests.test_scenario_persistence.TestScenarioPersistence" name="test_created_scenario_appears_in_list" time="0.784" /><testcase classname="tests.test_scenario_persistence.TestScenarioProperties" name="test_properties_returns_200" time="0.179" /><testcase classname="tests.test_scenario_persistence.TestScenarioProperties" name="test_properties_returns_list" time="0.133" /><testcase classname="tests.test_scenario_persistence.TestScenarioProperties" name="test_property_has_required_fields" time="0.135" /><testcase classname="tests.test_leap_assessment.TestLEAPAssessmentCreate" name="test_create_leap_assessment_returns_200" time="0.132" /><testcase classname="tests.test_leap_assessment.TestLEAPAssessmentCreate" name="test_create_leap_assessment_returns_id" time="0.149" /><testcase classname="tests.test_leap_assessment.TestLEAPAssessmentList" name="test_list_leap_assessments_returns_200" time="0.123" /><testcase classname="tests.test_leap_assessment.TestLEAPAssessmentList" name="test_list_leap_assessments_returns_array" time="0.161" /><testcase classname="tests.test_leap_assessment.TestLEAPAssessmentCalculate" name="test_calculate_leap_returns_200" time="0.177" /><testcase classname="tests.test_leap_assessment.TestLEAPAssessmentCalculate" name="test_calculate_leap_returns_scores" time="0.124" /><testcase classname="tests.test_leap_assessment.TestLEAPAssessmentCalculate" name="test_calculate_leap_returns_risk_rating" time="0.120" /><testcase classname="tests.test_leap_assessment.TestLEAPAssessmentCalculate" name="test_calculate_leap_returns_recommendations" time="0.133" /><testcase classname="tests.test_leap_assessment.TestLEAPAssessmentCalculate" name="test_calculate_leap_with_invalid_scenario_returns_400" time="0.187" /><testcase classname="tests.test_leap_assessment.TestNatureRiskScenarios" name="test_list_scenarios_returns_200" time="0.182" /><testcase classname="tests.test_leap_assessment.TestNatureRiskScenarios" name="test_list_scenarios_returns_array" time="0.114" /><testcase classname="tests.test_leap_assessment.TestNatureRiskScenarios" name="test_scenarios_have_required_fields" time="0.158" /><testcase classname="tests.test_leap_assessment.TestENCOREEndpoints" name="test_encore_sectors_returns_200" time="0.167" /><testcase classname="tests.test_leap_assessment.TestENCOREEndpoints" name="test_encore_sectors_returns_array" time="0.138" /><testcase classname="tests.test_leap_assessment.TestENCOREEndpoints" name="test_encore_ecosystem_services_returns_200" time="0.122" /></testsuite></testsuites>