<?xml version="1.0" encoding="utf-8"?><testsuites name="pytest tests"><testsuite name="pytest" errors="0" failures="0" skipped="0" tests="21" time="27.541" timestamp="2026-02-17T02:11:06.700539+00:00" hostname="agent-env-0fa68d91-6a2c-44e1-a4ef-9a515d5f1274"><testcase classname="backend.tests.test_scheduled_reports.TestScheduledReportsAPI" name="test_create_scheduled_report_returns_200" time="1.114" /><testcase classname="backend.tests.test_scheduled_reports.TestScheduledReportsAPI" name="test_create_scheduled_report_returns_id" time="0.976" /><testcase classname="backend.tests.test_scheduled_reports.TestScheduledReportsAPI" name="test_create_report_with_all_report_types" time="6.368" /><testcase classname="backend.tests.test_scheduled_reports.TestScheduledReportsAPI" name="test_create_report_with_all_frequencies" time="3.840" /><testcase classname="backend.tests.test_scheduled_reports.TestScheduledReportsAPI" name="test_create_report_with_multiple_recipients" time="0.906" /><testcase classname="backend.tests.test_scheduled_reports.TestScheduledReportsAPI" name="test_create_report_has_next_run_calculated" time="0.821" /><testcase classname="backend.tests.test_scheduled_reports.TestScheduledReportsAPI" name="test_create_report_is_active_by_default" time="0.963" /><testcase classname="backend.tests.test_scheduled_reports.TestScheduledReportsAPI" name="test_list_scheduled_reports_returns_200" time="0.405" /><testcase classname="backend.tests.test_scheduled_reports.TestScheduledReportsAPI" name="test_list_scheduled_reports_returns_items_array" time="0.371" /><testcase classname="backend.tests.test_scheduled_reports.TestScheduledReportsAPI" name="test_list_scheduled_reports_returns_total" time="0.358" /><testcase classname="backend.tests.test_scheduled_reports.TestScheduledReportsAPI" name="test_created_report_appears_in_list" time="1.226" /><testcase classname="backend.tests.test_scheduled_reports.TestScheduledReportsAPI" name="test_list_items_have_required_fields" time="0.385" /><testcase classname="backend.tests.test_scheduled_reports.TestScheduledReportsAPI" name="test_toggle_report_returns_200" time="1.667" /><testcase classname="backend.tests.test_scheduled_reports.TestScheduledReportsAPI" name="test_toggle_changes_is_active_status" time="2.324" /><testcase classname="backend.tests.test_scheduled_reports.TestScheduledReportsAPI" name="test_toggle_nonexistent_report_returns_404" time="0.327" /><testcase classname="backend.tests.test_scheduled_reports.TestScheduledReportsAPI" name="test_delete_report_returns_200" time="0.946" /><testcase classname="backend.tests.test_scheduled_reports.TestScheduledReportsAPI" name="test_delete_removes_from_list" time="1.225" /><testcase classname="backend.tests.test_scheduled_reports.TestScheduledReportsAPI" name="test_delete_nonexistent_report_returns_404" time="0.328" /><testcase classname="backend.tests.test_scheduled_reports.TestScheduledReportsAPI" name="test_get_report_by_id_returns_200" time="1.208" /><testcase classname="backend.tests.test_scheduled_reports.TestScheduledReportsAPI" name="test_get_report_returns_correct_data" time="1.411" /><testcase classname="backend.tests.test_scheduled_reports.TestScheduledReportsAPI" name="test_get_nonexistent_report_returns_404" time="0.305" /></testsuite></testsuites>