<?xml version="1.0" encoding="utf-8"?><testsuites name="pytest tests"><testsuite name="pytest" errors="0" failures="0" skipped="0" tests="13" time="1.628" timestamp="2026-02-16T04:24:46.371351+00:00" hostname="agent-env-b22da8a1-4f77-488b-afb2-14ce5681119e"><testcase classname="backend.tests.test_stranded_assets_map.TestStrandedAssetsMapData" name="test_map_data_returns_200" time="0.128" /><testcase classname="backend.tests.test_stranded_assets_map.TestStrandedAssetsMapData" name="test_map_data_returns_9_assets" time="0.146" /><testcase classname="backend.tests.test_stranded_assets_map.TestStrandedAssetsMapData" name="test_map_data_asset_has_required_fields" time="0.119" /><testcase classname="backend.tests.test_stranded_assets_map.TestStrandedAssetsMapData" name="test_map_data_has_valid_coordinates" time="0.110" /><testcase classname="backend.tests.test_stranded_assets_map.TestStrandedAssetsMapData" name="test_map_data_has_valid_risk_scores" time="0.110" /><testcase classname="backend.tests.test_stranded_assets_map.TestStrandedAssetsMapData" name="test_map_data_has_all_asset_types" time="0.106" /><testcase classname="backend.tests.test_stranded_assets_map.TestStrandedAssetsMapData" name="test_map_data_filter_by_reserve" time="0.107" /><testcase classname="backend.tests.test_stranded_assets_map.TestStrandedAssetsMapData" name="test_map_data_filter_by_power_plant" time="0.098" /><testcase classname="backend.tests.test_stranded_assets_map.TestStrandedAssetsMapData" name="test_map_data_filter_by_infrastructure" time="0.147" /><testcase classname="backend.tests.test_stranded_assets_map.TestStrandedAssetsDashboard" name="test_dashboard_returns_200" time="0.126" /><testcase classname="backend.tests.test_stranded_assets_map.TestStrandedAssetsDashboard" name="test_dashboard_has_kpi_fields" time="0.140" /><testcase classname="backend.tests.test_stranded_assets_map.TestStrandedAssetsCriticalAssets" name="test_critical_assets_returns_200" time="0.116" /><testcase classname="backend.tests.test_stranded_assets_map.TestStrandedAssetsCriticalAssets" name="test_critical_assets_has_alerts" time="0.116" /></testsuite></testsuites>