<?xml version="1.0" encoding="utf-8"?><testsuites name="pytest tests"><testsuite name="pytest" errors="0" failures="0" skipped="0" tests="54" time="49.072" timestamp="2026-02-14T18:30:14.699889+00:00" hostname="agent-env-1fae286a-7591-41ee-9e08-248269bb89e4"><testcase classname="backend.tests.test_sub_parameter.TestParametersEndpoint" name="test_returns_analyzable_parameters" time="0.141" /><testcase classname="backend.tests.test_sub_parameter.TestParametersEndpoint" name="test_parameters_have_required_fields" time="0.118" /><testcase classname="backend.tests.test_sub_parameter.TestParametersEndpoint" name="test_parameters_include_expected_types" time="0.150" /><testcase classname="backend.tests.test_sub_parameter.TestSensitivityAnalysis" name="test_sensitivity_analysis_returns_tornado_data" time="3.312" /><testcase classname="backend.tests.test_sub_parameter.TestSensitivityAnalysis" name="test_tornado_data_sorted_by_swing" time="0.333" /><testcase classname="backend.tests.test_sub_parameter.TestSensitivityAnalysis" name="test_tornado_data_has_required_fields" time="0.343" /><testcase classname="backend.tests.test_sub_parameter.TestSensitivityAnalysis" name="test_rankings_have_rank_and_score" time="0.332" /><testcase classname="backend.tests.test_sub_parameter.TestSensitivityAnalysis" name="test_sensitivity_with_different_metrics" time="1.480" /><testcase classname="backend.tests.test_sub_parameter.TestSensitivityAnalysis" name="test_invalid_scenario_returns_404" time="0.317" /><testcase classname="backend.tests.test_sub_parameter.TestWhatIfAnalysis" name="test_whatif_returns_baseline_and_modified" time="3.566" /><testcase classname="backend.tests.test_sub_parameter.TestWhatIfAnalysis" name="test_whatif_differences_have_required_fields" time="0.341" /><testcase classname="backend.tests.test_sub_parameter.TestWhatIfAnalysis" name="test_whatif_with_absolute_change" time="0.358" /><testcase classname="backend.tests.test_sub_parameter.TestWhatIfAnalysis" name="test_whatif_with_multiple_changes" time="0.387" /><testcase classname="backend.tests.test_sub_parameter.TestWhatIfBatch" name="test_batch_returns_multiple_results" time="3.442" /><testcase classname="backend.tests.test_sub_parameter.TestWhatIfBatch" name="test_batch_results_have_set_index" time="0.354" /><testcase classname="backend.tests.test_sub_parameter.TestAttribution" name="test_attribution_returns_contributions" time="3.472" /><testcase classname="backend.tests.test_sub_parameter.TestAttribution" name="test_attribution_contributions_have_required_fields" time="0.361" /><testcase classname="backend.tests.test_sub_parameter.TestAttribution" name="test_attribution_with_different_metrics" time="1.106" /><testcase classname="backend.tests.test_sub_parameter.TestInteractions" name="test_interactions_returns_pairwise_data" time="3.392" /><testcase classname="backend.tests.test_sub_parameter.TestInteractions" name="test_interactions_have_required_fields" time="0.401" /><testcase classname="backend.tests.test_sub_parameter.TestInteractions" name="test_interactions_type_valid_values" time="0.537" /><testcase classname="backend.tests.test_sub_parameter.TestInteractions" name="test_interactions_with_parameter_set" time="0.370" /><testcase classname="backend.tests.test_sub_parameter.TestInteractions" name="test_invalid_scenario_returns_404" time="0.322" /><testcase classname="backend.tests.test_sub_parameter.TestVisualizationTornado" name="test_tornado_returns_chart_data" time="3.494" /><testcase classname="backend.tests.test_sub_parameter.TestVisualizationTornado" name="test_tornado_with_top_n_param" time="0.394" /><testcase classname="backend.tests.test_sub_parameter.TestVisualizationTornado" name="test_tornado_with_target_metric" time="0.350" /><testcase classname="backend.tests.test_sub_parameter.TestVisualizationWaterfall" name="test_waterfall_returns_chart_data" time="3.424" /><testcase classname="backend.tests.test_sub_parameter.TestVisualizationWaterfall" name="test_waterfall_steps_structure" time="0.352" /><testcase classname="backend.tests.test_sub_parameter.TestInteractionMatrix" name="test_interaction_matrix_returns_data" time="3.496" /><testcase classname="backend.tests.test_sub_parameter.TestInteractionMatrix" name="test_interaction_matrix_with_custom_params" time="0.495" /><testcase classname="backend.tests.test_sub_parameter_enhanced.TestElasticityAnalysis" name="test_elasticity_returns_data" time="3.505" /><testcase classname="backend.tests.test_sub_parameter_enhanced.TestElasticityAnalysis" name="test_elasticity_fields_complete" time="0.346" /><testcase classname="backend.tests.test_sub_parameter_enhanced.TestElasticityAnalysis" name="test_elasticity_with_custom_delta" time="0.361" /><testcase classname="backend.tests.test_sub_parameter_enhanced.TestElasticityAnalysis" name="test_elasticity_sorted_by_magnitude" time="0.393" /><testcase classname="backend.tests.test_sub_parameter_enhanced.TestPartialCorrelation" name="test_partial_correlation_returns_data" time="0.376" /><testcase classname="backend.tests.test_sub_parameter_enhanced.TestPartialCorrelation" name="test_partial_correlation_fields_complete" time="0.356" /><testcase classname="backend.tests.test_sub_parameter_enhanced.TestOLSAttribution" name="test_ols_returns_data" time="0.375" /><testcase classname="backend.tests.test_sub_parameter_enhanced.TestOLSAttribution" name="test_ols_r_squared_range" time="0.367" /><testcase classname="backend.tests.test_sub_parameter_enhanced.TestOLSAttribution" name="test_ols_coefficients_complete" time="0.366" /><testcase classname="backend.tests.test_sub_parameter_enhanced.TestShapleyAttribution" name="test_shapley_returns_data" time="0.338" /><testcase classname="backend.tests.test_sub_parameter_enhanced.TestShapleyAttribution" name="test_shapley_attributions_complete" time="0.362" /><testcase classname="backend.tests.test_sub_parameter_enhanced.TestShapleyAttribution" name="test_shapley_sorted_by_magnitude" time="0.362" /><testcase classname="backend.tests.test_sub_parameter_enhanced.TestShapleyAttribution" name="test_shapley_with_different_permutations" time="0.724" /><testcase classname="backend.tests.test_sub_parameter_enhanced.TestExport" name="test_export_excel" time="0.171" /><testcase classname="backend.tests.test_sub_parameter_enhanced.TestExport" name="test_export_pdf" time="0.110" /><testcase classname="backend.tests.test_sub_parameter_enhanced.TestExport" name="test_export_json" time="0.121" /><testcase classname="backend.tests.test_sub_parameter_enhanced.TestExport" name="test_export_download_works" time="0.304" /><testcase classname="backend.tests.test_sub_parameter_enhanced.TestCustomScenarioAnalysis" name="test_analysis_returns_all_methods" time="0.930" /><testcase classname="backend.tests.test_sub_parameter_enhanced.TestCustomScenarioAnalysis" name="test_analysis_sensitivity_valid" time="0.400" /><testcase classname="backend.tests.test_sub_parameter_enhanced.TestCustomScenarioAnalysis" name="test_analysis_invalid_id_returns_404" time="0.323" /><testcase classname="backend.tests.test_sub_parameter_enhanced.TestCustomScenarioKeyDrivers" name="test_key_drivers_returns_top5" time="0.415" /><testcase classname="backend.tests.test_sub_parameter_enhanced.TestCustomScenarioKeyDrivers" name="test_key_drivers_fields_complete" time="0.359" /><testcase classname="backend.tests.test_sub_parameter_enhanced.TestCustomScenarioKeyDrivers" name="test_key_drivers_ranked_correctly" time="0.372" /><testcase classname="backend.tests.test_sub_parameter_enhanced.TestCustomScenarioKeyDrivers" name="test_key_drivers_invalid_id_returns_404" time="0.318" /></testsuite></testsuites>