<?xml version="1.0" encoding="utf-8"?><testsuites name="pytest tests"><testsuite name="pytest" errors="0" failures="0" skipped="0" tests="24" time="12.199" timestamp="2026-02-14T18:25:50.112851+00:00" hostname="agent-env-1fae286a-7591-41ee-9e08-248269bb89e4"><testcase classname="backend.tests.test_sub_parameter_enhanced.TestElasticityAnalysis" name="test_elasticity_returns_data" time="3.629" /><testcase classname="backend.tests.test_sub_parameter_enhanced.TestElasticityAnalysis" name="test_elasticity_fields_complete" time="0.346" /><testcase classname="backend.tests.test_sub_parameter_enhanced.TestElasticityAnalysis" name="test_elasticity_with_custom_delta" time="0.341" /><testcase classname="backend.tests.test_sub_parameter_enhanced.TestElasticityAnalysis" name="test_elasticity_sorted_by_magnitude" time="0.371" /><testcase classname="backend.tests.test_sub_parameter_enhanced.TestPartialCorrelation" name="test_partial_correlation_returns_data" time="0.348" /><testcase classname="backend.tests.test_sub_parameter_enhanced.TestPartialCorrelation" name="test_partial_correlation_fields_complete" time="0.360" /><testcase classname="backend.tests.test_sub_parameter_enhanced.TestOLSAttribution" name="test_ols_returns_data" time="0.364" /><testcase classname="backend.tests.test_sub_parameter_enhanced.TestOLSAttribution" name="test_ols_r_squared_range" time="0.349" /><testcase classname="backend.tests.test_sub_parameter_enhanced.TestOLSAttribution" name="test_ols_coefficients_complete" time="0.375" /><testcase classname="backend.tests.test_sub_parameter_enhanced.TestShapleyAttribution" name="test_shapley_returns_data" time="0.373" /><testcase classname="backend.tests.test_sub_parameter_enhanced.TestShapleyAttribution" name="test_shapley_attributions_complete" time="0.340" /><testcase classname="backend.tests.test_sub_parameter_enhanced.TestShapleyAttribution" name="test_shapley_sorted_by_magnitude" time="0.356" /><testcase classname="backend.tests.test_sub_parameter_enhanced.TestShapleyAttribution" name="test_shapley_with_different_permutations" time="0.724" /><testcase classname="backend.tests.test_sub_parameter_enhanced.TestExport" name="test_export_excel" time="0.165" /><testcase classname="backend.tests.test_sub_parameter_enhanced.TestExport" name="test_export_pdf" time="0.170" /><testcase classname="backend.tests.test_sub_parameter_enhanced.TestExport" name="test_export_json" time="0.107" /><testcase classname="backend.tests.test_sub_parameter_enhanced.TestExport" name="test_export_download_works" time="0.229" /><testcase classname="backend.tests.test_sub_parameter_enhanced.TestCustomScenarioAnalysis" name="test_analysis_returns_all_methods" time="0.891" /><testcase classname="backend.tests.test_sub_parameter_enhanced.TestCustomScenarioAnalysis" name="test_analysis_sensitivity_valid" time="0.362" /><testcase classname="backend.tests.test_sub_parameter_enhanced.TestCustomScenarioAnalysis" name="test_analysis_invalid_id_returns_404" time="0.357" /><testcase classname="backend.tests.test_sub_parameter_enhanced.TestCustomScenarioKeyDrivers" name="test_key_drivers_returns_top5" time="0.384" /><testcase classname="backend.tests.test_sub_parameter_enhanced.TestCustomScenarioKeyDrivers" name="test_key_drivers_fields_complete" time="0.403" /><testcase classname="backend.tests.test_sub_parameter_enhanced.TestCustomScenarioKeyDrivers" name="test_key_drivers_ranked_correctly" time="0.410" /><testcase classname="backend.tests.test_sub_parameter_enhanced.TestCustomScenarioKeyDrivers" name="test_key_drivers_invalid_id_returns_404" time="0.352" /></testsuite></testsuites>