<?xml version="1.0" encoding="utf-8"?><testsuites name="pytest tests"><testsuite name="pytest" errors="0" failures="0" skipped="0" tests="30" time="37.786" timestamp="2026-02-14T17:33:26.910826+00:00" hostname="agent-env-1fae286a-7591-41ee-9e08-248269bb89e4"><testcase classname="backend.tests.test_sub_parameter.TestParametersEndpoint" name="test_returns_analyzable_parameters" time="0.245" /><testcase classname="backend.tests.test_sub_parameter.TestParametersEndpoint" name="test_parameters_have_required_fields" time="0.156" /><testcase classname="backend.tests.test_sub_parameter.TestParametersEndpoint" name="test_parameters_include_expected_types" time="0.143" /><testcase classname="backend.tests.test_sub_parameter.TestSensitivityAnalysis" name="test_sensitivity_analysis_returns_tornado_data" time="3.695" /><testcase classname="backend.tests.test_sub_parameter.TestSensitivityAnalysis" name="test_tornado_data_sorted_by_swing" time="0.346" /><testcase classname="backend.tests.test_sub_parameter.TestSensitivityAnalysis" name="test_tornado_data_has_required_fields" time="0.324" /><testcase classname="backend.tests.test_sub_parameter.TestSensitivityAnalysis" name="test_rankings_have_rank_and_score" time="0.350" /><testcase classname="backend.tests.test_sub_parameter.TestSensitivityAnalysis" name="test_sensitivity_with_different_metrics" time="1.470" /><testcase classname="backend.tests.test_sub_parameter.TestSensitivityAnalysis" name="test_invalid_scenario_returns_404" time="0.312" /><testcase classname="backend.tests.test_sub_parameter.TestWhatIfAnalysis" name="test_whatif_returns_baseline_and_modified" time="3.429" /><testcase classname="backend.tests.test_sub_parameter.TestWhatIfAnalysis" name="test_whatif_differences_have_required_fields" time="0.420" /><testcase classname="backend.tests.test_sub_parameter.TestWhatIfAnalysis" name="test_whatif_with_absolute_change" time="0.362" /><testcase classname="backend.tests.test_sub_parameter.TestWhatIfAnalysis" name="test_whatif_with_multiple_changes" time="0.342" /><testcase classname="backend.tests.test_sub_parameter.TestWhatIfBatch" name="test_batch_returns_multiple_results" time="3.636" /><testcase classname="backend.tests.test_sub_parameter.TestWhatIfBatch" name="test_batch_results_have_set_index" time="0.360" /><testcase classname="backend.tests.test_sub_parameter.TestAttribution" name="test_attribution_returns_contributions" time="3.479" /><testcase classname="backend.tests.test_sub_parameter.TestAttribution" name="test_attribution_contributions_have_required_fields" time="0.404" /><testcase classname="backend.tests.test_sub_parameter.TestAttribution" name="test_attribution_with_different_metrics" time="1.095" /><testcase classname="backend.tests.test_sub_parameter.TestInteractions" name="test_interactions_returns_pairwise_data" time="3.793" /><testcase classname="backend.tests.test_sub_parameter.TestInteractions" name="test_interactions_have_required_fields" time="0.347" /><testcase classname="backend.tests.test_sub_parameter.TestInteractions" name="test_interactions_type_valid_values" time="0.350" /><testcase classname="backend.tests.test_sub_parameter.TestInteractions" name="test_interactions_with_parameter_set" time="0.418" /><testcase classname="backend.tests.test_sub_parameter.TestInteractions" name="test_invalid_scenario_returns_404" time="0.332" /><testcase classname="backend.tests.test_sub_parameter.TestVisualizationTornado" name="test_tornado_returns_chart_data" time="3.417" /><testcase classname="backend.tests.test_sub_parameter.TestVisualizationTornado" name="test_tornado_with_top_n_param" time="0.414" /><testcase classname="backend.tests.test_sub_parameter.TestVisualizationTornado" name="test_tornado_with_target_metric" time="0.349" /><testcase classname="backend.tests.test_sub_parameter.TestVisualizationWaterfall" name="test_waterfall_returns_chart_data" time="3.469" /><testcase classname="backend.tests.test_sub_parameter.TestVisualizationWaterfall" name="test_waterfall_steps_structure" time="0.331" /><testcase classname="backend.tests.test_sub_parameter.TestInteractionMatrix" name="test_interaction_matrix_returns_data" time="3.531" /><testcase classname="backend.tests.test_sub_parameter.TestInteractionMatrix" name="test_interaction_matrix_with_custom_params" time="0.366" /></testsuite></testsuites>