<?xml version="1.0" encoding="utf-8"?><testsuites name="pytest tests"><testsuite name="pytest" errors="0" failures="0" skipped="0" tests="32" time="3.927" timestamp="2026-02-16T05:25:30.544173+00:00" hostname="agent-env-d6231df3-bfb9-43f1-a9f0-175e911d03cf"><testcase classname="backend.tests.test_sustainability.TestSustainabilityDashboard" name="test_dashboard_returns_200" time="0.158" /><testcase classname="backend.tests.test_sustainability.TestSustainabilityDashboard" name="test_dashboard_has_required_kpis" time="0.127" /><testcase classname="backend.tests.test_sustainability.TestSustainabilityDashboard" name="test_dashboard_kpi_values_valid" time="0.106" /><testcase classname="backend.tests.test_sustainability.TestCertificationsList" name="test_certifications_returns_200" time="0.120" /><testcase classname="backend.tests.test_sustainability.TestCertificationsList" name="test_certifications_returns_sample_data" time="0.115" /><testcase classname="backend.tests.test_sustainability.TestCertificationsList" name="test_certifications_have_required_fields" time="0.109" /><testcase classname="backend.tests.test_sustainability.TestCertificationsList" name="test_certifications_filter_by_type" time="0.107" /><testcase classname="backend.tests.test_sustainability.TestGRESBAssessment" name="test_gresb_assess_returns_200" time="0.130" /><testcase classname="backend.tests.test_sustainability.TestGRESBAssessment" name="test_gresb_calculates_correct_score" time="0.157" /><testcase classname="backend.tests.test_sustainability.TestGRESBAssessment" name="test_gresb_returns_star_rating" time="0.109" /><testcase classname="backend.tests.test_sustainability.TestGRESBAssessment" name="test_gresb_returns_value_impact" time="0.257" /><testcase classname="backend.tests.test_sustainability.TestGRESBAssessment" name="test_gresb_returns_benchmark" time="0.097" /><testcase classname="backend.tests.test_sustainability.TestGRESBAssessment" name="test_gresb_returns_recommendations" time="0.132" /><testcase classname="backend.tests.test_sustainability.TestLEEDAssessment" name="test_leed_assess_returns_200" time="0.100" /><testcase classname="backend.tests.test_sustainability.TestLEEDAssessment" name="test_leed_calculates_correct_points" time="0.106" /><testcase classname="backend.tests.test_sustainability.TestLEEDAssessment" name="test_leed_returns_certification_level" time="0.113" /><testcase classname="backend.tests.test_sustainability.TestLEEDAssessment" name="test_leed_returns_value_impact" time="0.100" /><testcase classname="backend.tests.test_sustainability.TestLEEDAssessment" name="test_leed_returns_category_analysis" time="0.109" /><testcase classname="backend.tests.test_sustainability.TestValueImpact" name="test_value_impact_returns_200" time="0.108" /><testcase classname="backend.tests.test_sustainability.TestValueImpact" name="test_value_impact_returns_premiums" time="0.118" /><testcase classname="backend.tests.test_sustainability.TestValueImpact" name="test_value_impact_returns_value_increase" time="0.106" /><testcase classname="backend.tests.test_sustainability.TestValueImpact" name="test_value_impact_returns_cap_rate_compression" time="0.110" /><testcase classname="backend.tests.test_sustainability.TestValueImpact" name="test_value_impact_returns_operating_savings" time="0.100" /><testcase classname="backend.tests.test_sustainability.TestValueImpact" name="test_value_impact_returns_sources" time="0.117" /><testcase classname="backend.tests.test_sustainability.TestValueImpact" name="test_value_impact_with_rent_details" time="0.095" /><testcase classname="backend.tests.test_sustainability.TestValueImpact" name="test_value_impact_breeam_certification" time="0.121" /><testcase classname="backend.tests.test_sustainability.TestGRESBBenchmarks" name="test_benchmarks_returns_200" time="0.113" /><testcase classname="backend.tests.test_sustainability.TestGRESBBenchmarks" name="test_benchmarks_has_regions" time="0.097" /><testcase classname="backend.tests.test_sustainability.TestLEEDThresholds" name="test_thresholds_returns_200" time="0.116" /><testcase classname="backend.tests.test_sustainability.TestLEEDThresholds" name="test_thresholds_has_levels" time="0.118" /><testcase classname="backend.tests.test_sustainability.TestEnums" name="test_enums_returns_200" time="0.100" /><testcase classname="backend.tests.test_sustainability.TestEnums" name="test_enums_has_all_types" time="0.162" /></testsuite></testsuites>