<?xml version="1.0" encoding="utf-8"?><testsuites name="pytest tests"><testsuite name="pytest" errors="0" failures="0" skipped="0" tests="29" time="4.063" timestamp="2026-02-16T04:51:26.889121+00:00" hostname="agent-env-b22da8a1-4f77-488b-afb2-14ce5681119e"><testcase classname="backend.tests.test_real_estate_valuation.TestValuationDashboard" name="test_dashboard_returns_200" time="0.123" /><testcase classname="backend.tests.test_real_estate_valuation.TestValuationDashboard" name="test_dashboard_has_required_kpis" time="0.110" /><testcase classname="backend.tests.test_real_estate_valuation.TestValuationDashboard" name="test_dashboard_kpi_values_valid" time="0.112" /><testcase classname="backend.tests.test_real_estate_valuation.TestPropertiesList" name="test_properties_returns_200" time="0.104" /><testcase classname="backend.tests.test_real_estate_valuation.TestPropertiesList" name="test_properties_returns_4_items" time="0.116" /><testcase classname="backend.tests.test_real_estate_valuation.TestPropertiesList" name="test_properties_have_required_fields" time="0.099" /><testcase classname="backend.tests.test_real_estate_valuation.TestPropertiesList" name="test_properties_filter_by_type" time="0.116" /><testcase classname="backend.tests.test_real_estate_valuation.TestComparablesList" name="test_comparables_returns_200" time="0.105" /><testcase classname="backend.tests.test_real_estate_valuation.TestComparablesList" name="test_comparables_returns_5_items" time="0.120" /><testcase classname="backend.tests.test_real_estate_valuation.TestComparablesList" name="test_comparables_have_required_fields" time="0.103" /><testcase classname="backend.tests.test_real_estate_valuation.TestMarketCapRates" name="test_cap_rates_returns_200" time="0.107" /><testcase classname="backend.tests.test_real_estate_valuation.TestMarketCapRates" name="test_cap_rates_has_all_property_types" time="0.132" /><testcase classname="backend.tests.test_real_estate_valuation.TestDirectCapitalization" name="test_direct_cap_returns_200" time="0.097" /><testcase classname="backend.tests.test_real_estate_valuation.TestDirectCapitalization" name="test_direct_cap_calculates_correct_value" time="0.354" /><testcase classname="backend.tests.test_real_estate_valuation.TestDirectCapitalization" name="test_direct_cap_has_all_metrics" time="0.098" /><testcase classname="backend.tests.test_real_estate_valuation.TestDCFAnalysis" name="test_dcf_returns_200" time="0.107" /><testcase classname="backend.tests.test_real_estate_valuation.TestDCFAnalysis" name="test_dcf_returns_cash_flows" time="0.098" /><testcase classname="backend.tests.test_real_estate_valuation.TestDCFAnalysis" name="test_dcf_returns_key_metrics" time="0.111" /><testcase classname="backend.tests.test_real_estate_valuation.TestDCFAnalysis" name="test_dcf_sensitivity_analysis" time="0.106" /><testcase classname="backend.tests.test_real_estate_valuation.TestCostApproach" name="test_cost_approach_returns_200" time="0.119" /><testcase classname="backend.tests.test_real_estate_valuation.TestCostApproach" name="test_cost_approach_calculates_depreciation" time="0.107" /><testcase classname="backend.tests.test_real_estate_valuation.TestCostApproach" name="test_cost_approach_construction_types" time="0.575" /><testcase classname="backend.tests.test_real_estate_valuation.TestSalesComparison" name="test_sales_comparison_returns_200" time="0.110" /><testcase classname="backend.tests.test_real_estate_valuation.TestSalesComparison" name="test_sales_comparison_adjustments" time="0.150" /><testcase classname="backend.tests.test_real_estate_valuation.TestSalesComparison" name="test_sales_comparison_reconciliation" time="0.114" /><testcase classname="backend.tests.test_real_estate_valuation.TestConstructionCosts" name="test_construction_costs_returns_200" time="0.132" /><testcase classname="backend.tests.test_real_estate_valuation.TestConstructionCosts" name="test_construction_costs_all_types" time="0.104" /><testcase classname="backend.tests.test_real_estate_valuation.TestLocationFactors" name="test_location_factors_returns_200" time="0.124" /><testcase classname="backend.tests.test_real_estate_valuation.TestLocationFactors" name="test_location_factors_has_markets" time="0.114" /></testsuite></testsuites>