<?xml version="1.0" encoding="utf-8"?><testsuites name="pytest tests"><testsuite name="pytest" errors="0" failures="1" skipped="0" tests="29" time="3.822" timestamp="2026-02-16T04:50:56.404366+00:00" hostname="agent-env-b22da8a1-4f77-488b-afb2-14ce5681119e"><testcase classname="backend.tests.test_real_estate_valuation.TestValuationDashboard" name="test_dashboard_returns_200" time="0.165" /><testcase classname="backend.tests.test_real_estate_valuation.TestValuationDashboard" name="test_dashboard_has_required_kpis" time="0.100" /><testcase classname="backend.tests.test_real_estate_valuation.TestValuationDashboard" name="test_dashboard_kpi_values_valid" time="0.112" /><testcase classname="backend.tests.test_real_estate_valuation.TestPropertiesList" name="test_properties_returns_200" time="0.139" /><testcase classname="backend.tests.test_real_estate_valuation.TestPropertiesList" name="test_properties_returns_4_items" time="0.098" /><testcase classname="backend.tests.test_real_estate_valuation.TestPropertiesList" name="test_properties_have_required_fields" time="0.106" /><testcase classname="backend.tests.test_real_estate_valuation.TestPropertiesList" name="test_properties_filter_by_type" time="0.174" /><testcase classname="backend.tests.test_real_estate_valuation.TestComparablesList" name="test_comparables_returns_200" time="0.111" /><testcase classname="backend.tests.test_real_estate_valuation.TestComparablesList" name="test_comparables_returns_5_items" time="0.102" /><testcase classname="backend.tests.test_real_estate_valuation.TestComparablesList" name="test_comparables_have_required_fields" time="0.101" /><testcase classname="backend.tests.test_real_estate_valuation.TestMarketCapRates" name="test_cap_rates_returns_200" time="0.115" /><testcase classname="backend.tests.test_real_estate_valuation.TestMarketCapRates" name="test_cap_rates_has_all_property_types" time="0.115" /><testcase classname="backend.tests.test_real_estate_valuation.TestDirectCapitalization" name="test_direct_cap_returns_200" time="0.098" /><testcase classname="backend.tests.test_real_estate_valuation.TestDirectCapitalization" name="test_direct_cap_calculates_correct_value" time="0.110" /><testcase classname="backend.tests.test_real_estate_valuation.TestDirectCapitalization" name="test_direct_cap_has_all_metrics" time="0.105"><failure message="requests.exceptions.JSONDecodeError: Expecting value: line 1 column 1 (char 0)">/root/.venv/lib/python3.11/site-packages/requests/models.py:976: in json
    return complexjson.loads(self.text, **kwargs)
           ^^^^^^^^^^^^^^^^^^^^^^^^^^^^^^^^^^^^^^
/usr/local/lib/python3.11/json/__init__.py:346: in loads
    return _default_decoder.decode(s)
           ^^^^^^^^^^^^^^^^^^^^^^^^^^
/usr/local/lib/python3.11/json/decoder.py:337: in decode
    obj, end = self.raw_decode(s, idx=_w(s, 0).end())
               ^^^^^^^^^^^^^^^^^^^^^^^^^^^^^^^^^^^^^^
/usr/local/lib/python3.11/json/decoder.py:355: in raw_decode
    raise JSONDecodeError("Expecting value", s, err.value) from None
E   json.decoder.JSONDecodeError: Expecting value: line 1 column 1 (char 0)

During handling of the above exception, another exception occurred:
backend/tests/test_real_estate_valuation.py:195: in test_direct_cap_has_all_metrics
    data = response.json()
           ^^^^^^^^^^^^^^^
/root/.venv/lib/python3.11/site-packages/requests/models.py:980: in json
    raise RequestsJSONDecodeError(e.msg, e.doc, e.pos)
E   requests.exceptions.JSONDecodeError: Expecting value: line 1 column 1 (char 0)</failure></testcase><testcase classname="backend.tests.test_real_estate_valuation.TestDCFAnalysis" name="test_dcf_returns_200" time="0.110" /><testcase classname="backend.tests.test_real_estate_valuation.TestDCFAnalysis" name="test_dcf_returns_cash_flows" time="0.114" /><testcase classname="backend.tests.test_real_estate_valuation.TestDCFAnalysis" name="test_dcf_returns_key_metrics" time="0.104" /><testcase classname="backend.tests.test_real_estate_valuation.TestDCFAnalysis" name="test_dcf_sensitivity_analysis" time="0.096" /><testcase classname="backend.tests.test_real_estate_valuation.TestCostApproach" name="test_cost_approach_returns_200" time="0.099" /><testcase classname="backend.tests.test_real_estate_valuation.TestCostApproach" name="test_cost_approach_calculates_depreciation" time="0.110" /><testcase classname="backend.tests.test_real_estate_valuation.TestCostApproach" name="test_cost_approach_construction_types" time="0.549" /><testcase classname="backend.tests.test_real_estate_valuation.TestSalesComparison" name="test_sales_comparison_returns_200" time="0.105" /><testcase classname="backend.tests.test_real_estate_valuation.TestSalesComparison" name="test_sales_comparison_adjustments" time="0.123" /><testcase classname="backend.tests.test_real_estate_valuation.TestSalesComparison" name="test_sales_comparison_reconciliation" time="0.101" /><testcase classname="backend.tests.test_real_estate_valuation.TestConstructionCosts" name="test_construction_costs_returns_200" time="0.101" /><testcase classname="backend.tests.test_real_estate_valuation.TestConstructionCosts" name="test_construction_costs_all_types" time="0.129" /><testcase classname="backend.tests.test_real_estate_valuation.TestLocationFactors" name="test_location_factors_returns_200" time="0.097" /><testcase classname="backend.tests.test_real_estate_valuation.TestLocationFactors" name="test_location_factors_has_markets" time="0.098" /></testsuite></testsuites>